This is LuaHBTeX, Version 1.13.2 (TeX Live 2021/W32TeX)  (format=lualatex 2021.5.18)  18 MAY 2021 20:21
 restricted system commands enabled.
**_main.tex
(./_main.tex
LaTeX2e <2020-10-01> patch level 4
Lua module: luaotfload 2021-01-08 3.17 Lua based OpenType font support
Lua module: lualibs 2020-12-30 2.73 ConTeXt Lua standard libraries.
Lua module: lualibs-extended 2020-12-30 2.73 ConTeXt Lua libraries -- extended c
ollection.
luaotfload | conf : Root cache directory is "C:/Users/Brian.Langseth/AppData/Roa
ming/TinyTeX/texmf-var/luatex-cache/generic/names".
luaotfload | init : Loading fontloader "fontloader-2021-01-07.lua" from kpse-res
olved path "c:/Users/Brian.Langseth/AppData/Roaming/TinyTeX/texmf-dist/tex/luate
x/luaotfload/fontloader-2021-01-07.lua".
Lua-only attribute luaotfload@noligature = 1
Lua-only attribute luaotfload@syllabe = 2
luaotfload | init : Context OpenType loader version 0x1.8e76c8b439581p+1
Inserting `luaotfload.node_processor' at position 1 in `pre_linebreak_filter'.
Inserting `luaotfload.node_processor' at position 1 in `hpack_filter'.
Inserting `luaotfload.glyph_stream' at position 1 in `glyph_stream_provider'.
Inserting `luaotfload.define_font' at position 1 in `define_font'.
Lua-only attribute luaotfload_color_attribute = 3
luaotfload | conf : Root cache directory is "C:/Users/Brian.Langseth/AppData/Roa
ming/TinyTeX/texmf-var/luatex-cache/generic/names".
Inserting `luaotfload.harf.strip_prefix' at position 1 in `find_opentype_file'.
Inserting `luaotfload.harf.strip_prefix' at position 1 in `find_truetype_file'.
Inserting `luaotfload.harf.finalize_vlist' at position 1 in `post_linebreak_filt
er'.
Inserting `luaotfload.harf.finalize_hlist' at position 2 in `hpack_filter'.
Inserting `luaotfload.cleanup_files' at position 1 in `wrapup_run'.
Inserting `luaotfload.harf.finalize_unicode' at position 1 in `finish_pdffile'.
Inserting `luaotfload.glyphinfo' at position 1 in `glyph_info'.
Inserting `luaotfload.aux.set_sscale_dimens' at position 1 in `luaotfload.patch_
font'.
Inserting `luaotfload.aux.set_font_index' at position 2 in `luaotfload.patch_fon
t'.
Inserting `luaotfload.aux.patch_cambria_domh' at position 3 in `luaotfload.patch
_font'.
Inserting `luaotfload.aux.fixup_fontdata' at position 1 in `luaotfload.patch_fon
t_unsafe'.
Inserting `luaotfload.aux.set_capheight' at position 4 in `luaotfload.patch_font
'.
Inserting `luaotfload.aux.set_xheight' at position 5 in `luaotfload.patch_font'.
Inserting `luaotfload.rewrite_fontname' at position 6 in `luaotfload.patch_font'
. L3 programming layer <2021-05-11> (./input_accessability.tex
(c:/Users/Brian.Langseth/AppData/Roaming/TinyTeX/texmf-dist/tex/latex/pdfmanage
ment-testphase/pdfmanagement-testphase.sty
Package: pdfmanagement-testphase 2021-05-14 v0.95d LaTeX PDF management testpha
se bundle

(c:/Users/Brian.Langseth/AppData/Roaming/TinyTeX/texmf-dist/tex/latex/pdfmanage
ment-testphase/pdfmanagement-testphase.ltx
File: pdfmanagement-testphase.ltx 2021-05-14 v0.95d PDF management code (testph
ase)

LaTeX3 Info: Defining command \DeclareDocumentMetadata with sig. 'm' on line
(LaTeX3)     960.


LaTeX3 Info: Defining command \AddToDocumentProperties with sig. 'O{\@currname
(LaTeX3)     }mm' on line 970.


LaTeX3 Info: Defining command \GetDocumentProperties with sig. 'm' on line
(LaTeX3)     974.


LaTeX3 Info: Defining command \ShowDocumentProperties with sig. '' on line
(LaTeX3)     986.


(c:/Users/Brian.Langseth/AppData/Roaming/TinyTeX/texmf-dist/tex/latex/l3experim
ental/l3bitset/l3bitset.sty
Package: l3bitset 2021-02-18 L3 Experimental bitset support
\l__bitset_internal_int=\count175
)))
(c:/Users/Brian.Langseth/AppData/Roaming/TinyTeX/texmf-dist/tex/latex/l3kernel/
expl3.sty
Package: expl3 2021-05-11 L3 programming layer (loader) 

(c:/Users/Brian.Langseth/AppData/Roaming/TinyTeX/texmf-dist/tex/latex/l3kernel/
l3debug.def
File: l3debug.def 2019-04-06 L3 Debugging support
)
(c:/Users/Brian.Langseth/AppData/Roaming/TinyTeX/texmf-dist/tex/latex/l3backend
/l3backend-luatex.def
File: l3backend-luatex.def 2021-05-07 L3 backend support: PDF output (LuaTeX)
\l__color_backend_stack_int=\count176
\l__pdf_internal_box=\box47
))
(c:/Users/Brian.Langseth/AppData/Roaming/TinyTeX/texmf-dist/tex/latex/pdfmanage
ment-testphase/l3backend-testphase-luatex.def
File: l3backend-testphase-luatex.def 2021-05-14 LaTeX PDF management testphase 
bundle backend support:PDFoutput(LuaTeX)

(c:/Users/Brian.Langseth/AppData/Roaming/TinyTeX/texmf-dist/tex/latex/pdfmanage
ment-testphase/l3ref-tmp.sty
Package: l3ref-tmp 2020-10-09 L3 Experimental cross-referencing
)
\l__pdf_backend_tmpa_box=\box48
\g__pdf_backend_resourceid_int=\count177
\g__pdf_backend_name_int=\count178
\g__pdf_backend_page_int=\count179
\g__pdf_backend_EmbeddedFiles_int=\count180
)

LaTeX3 Info: Redefining command \DeclareDocumentMetadata with sig. 'm' on line
(LaTeX3)     3.


(c:/Users/Brian.Langseth/AppData/Roaming/TinyTeX/texmf-dist/tex/latex/pdfmanage
ment-testphase/pdfmanagement-firstaid.sty
Package: pdfmanagement-firstaid 2021-05-14 v0.95d LaTeX PDF management testphas
e bundle / firstaid-patches

Package pdfmanagement Info: loading pdfmanagement firstaid code for pgf

))
(c:/Users/Brian.Langseth/AppData/Roaming/TinyTeX/texmf-dist/tex/latex/base/arti
cle.cls
Document Class: article 2020/04/10 v1.4m Standard LaTeX document class

(c:/Users/Brian.Langseth/AppData/Roaming/TinyTeX/texmf-dist/tex/latex/base/size
11.clo
File: size11.clo 2020/04/10 v1.4m Standard LaTeX file (size option)
luaotfload | db : Font names database loaded from C:/Users/Brian.Langseth/AppDat
a/Roaming/TinyTeX/texmf-var/luatex-cache/generic/names/luaotfload-names.luc)
\c@part=\count181
\c@section=\count182
\c@subsection=\count183
\c@subsubsection=\count184
\c@paragraph=\count185
\c@subparagraph=\count186
\c@figure=\count187
\c@table=\count188
\abovecaptionskip=\skip47
\belowcaptionskip=\skip48
\bibindent=\dimen138
) (./sa4ss.sty
Package: sa4ss 2020/11/10 v0.99 sa4ss package

(c:/Users/Brian.Langseth/AppData/Roaming/TinyTeX/texmf-dist/tex/latex/pgf/front
endlayer/tikz.sty
(c:/Users/Brian.Langseth/AppData/Roaming/TinyTeX/texmf-dist/tex/latex/pgf/basic
layer/pgf.sty
(c:/Users/Brian.Langseth/AppData/Roaming/TinyTeX/texmf-dist/tex/latex/pgf/utili
ties/pgfrcs.sty
(c:/Users/Brian.Langseth/AppData/Roaming/TinyTeX/texmf-dist/tex/generic/pgf/uti
lities/pgfutil-common.tex
\pgfutil@everybye=\toks15
\pgfutil@tempdima=\dimen139
\pgfutil@tempdimb=\dimen140

(c:/Users/Brian.Langseth/AppData/Roaming/TinyTeX/texmf-dist/tex/generic/pgf/uti
lities/pgfutil-common-lists.tex))
(c:/Users/Brian.Langseth/AppData/Roaming/TinyTeX/texmf-dist/tex/generic/pgf/uti
lities/pgfutil-latex.def
\pgfutil@abb=\box49
)
(c:/Users/Brian.Langseth/AppData/Roaming/TinyTeX/texmf-dist/tex/generic/pgf/uti
lities/pgfrcs.code.tex
(c:/Users/Brian.Langseth/AppData/Roaming/TinyTeX/texmf-dist/tex/generic/pgf/pgf
.revision.tex)
Package: pgfrcs 2021/05/15 v3.1.9a (3.1.9a)
))
Package: pgf 2021/05/15 v3.1.9a (3.1.9a)

(c:/Users/Brian.Langseth/AppData/Roaming/TinyTeX/texmf-dist/tex/latex/pgf/basic
layer/pgfcore.sty
(c:/Users/Brian.Langseth/AppData/Roaming/TinyTeX/texmf-dist/tex/latex/graphics/
graphicx.sty
Package: graphicx 2020/09/09 v1.2b Enhanced LaTeX Graphics (DPC,SPQR)

(c:/Users/Brian.Langseth/AppData/Roaming/TinyTeX/texmf-dist/tex/latex/graphics/
keyval.sty
Package: keyval 2014/10/28 v1.15 key=value parser (DPC)
\KV@toks@=\toks16
)
(c:/Users/Brian.Langseth/AppData/Roaming/TinyTeX/texmf-dist/tex/latex/graphics/
graphics.sty
Package: graphics 2020/08/30 v1.4c Standard LaTeX Graphics (DPC,SPQR)

(c:/Users/Brian.Langseth/AppData/Roaming/TinyTeX/texmf-dist/tex/latex/graphics/
trig.sty
Package: trig 2016/01/03 v1.10 sin cos tan (DPC)
)
(c:/Users/Brian.Langseth/AppData/Roaming/TinyTeX/texmf-dist/tex/latex/graphics-
cfg/graphics.cfg
File: graphics.cfg 2016/06/04 v1.11 sample graphics configuration
)
Package graphics Info: Driver file: luatex.def on input line 105.

(c:/Users/Brian.Langseth/AppData/Roaming/TinyTeX/texmf-dist/tex/latex/graphics-
def/luatex.def
File: luatex.def 2020/10/05 v1.2a Graphics/color driver for luatex
))
\Gin@req@height=\dimen141
\Gin@req@width=\dimen142
)
(c:/Users/Brian.Langseth/AppData/Roaming/TinyTeX/texmf-dist/tex/latex/pgf/syste
mlayer/pgfsys.sty
(c:/Users/Brian.Langseth/AppData/Roaming/TinyTeX/texmf-dist/tex/generic/pgf/sys
temlayer/pgfsys.code.tex
Package: pgfsys 2021/05/15 v3.1.9a (3.1.9a)

(c:/Users/Brian.Langseth/AppData/Roaming/TinyTeX/texmf-dist/tex/generic/pgf/uti
lities/pgfkeys.code.tex
\pgfkeys@pathtoks=\toks17
\pgfkeys@temptoks=\toks18

(c:/Users/Brian.Langseth/AppData/Roaming/TinyTeX/texmf-dist/tex/generic/pgf/uti
lities/pgfkeysfiltered.code.tex
\pgfkeys@tmptoks=\toks19
))
\pgf@x=\dimen143
\pgf@y=\dimen144
\pgf@xa=\dimen145
\pgf@ya=\dimen146
\pgf@xb=\dimen147
\pgf@yb=\dimen148
\pgf@xc=\dimen149
\pgf@yc=\dimen150
\pgf@xd=\dimen151
\pgf@yd=\dimen152
\w@pgf@writea=\write3
\r@pgf@reada=\read2
\c@pgf@counta=\count189
\c@pgf@countb=\count190
\c@pgf@countc=\count191
\c@pgf@countd=\count192
\t@pgf@toka=\toks20
\t@pgf@tokb=\toks21
\t@pgf@tokc=\toks22
\pgf@sys@id@count=\count193

(c:/Users/Brian.Langseth/AppData/Roaming/TinyTeX/texmf-dist/tex/generic/pgf/sys
temlayer/pgf.cfg
File: pgf.cfg 2021/05/15 v3.1.9a (3.1.9a)
)
Driver file for pgf: pgfsys-luatex.def

(c:/Users/Brian.Langseth/AppData/Roaming/TinyTeX/texmf-dist/tex/generic/pgf/sys
temlayer/pgfsys-luatex.def
File: pgfsys-luatex.def 2021/05/15 v3.1.9a (3.1.9a)

(c:/Users/Brian.Langseth/AppData/Roaming/TinyTeX/texmf-dist/tex/generic/pgf/sys
temlayer/pgfsys-common-pdf.def
File: pgfsys-common-pdf.def 2021/05/15 v3.1.9a (3.1.9a)
)))
(c:/Users/Brian.Langseth/AppData/Roaming/TinyTeX/texmf-dist/tex/generic/pgf/sys
temlayer/pgfsyssoftpath.code.tex
File: pgfsyssoftpath.code.tex 2021/05/15 v3.1.9a (3.1.9a)
\pgfsyssoftpath@smallbuffer@items=\count194
\pgfsyssoftpath@bigbuffer@items=\count195
)
(c:/Users/Brian.Langseth/AppData/Roaming/TinyTeX/texmf-dist/tex/generic/pgf/sys
temlayer/pgfsysprotocol.code.tex
File: pgfsysprotocol.code.tex 2021/05/15 v3.1.9a (3.1.9a)
))
(c:/Users/Brian.Langseth/AppData/Roaming/TinyTeX/texmf-dist/tex/latex/xcolor/xc
olor.sty
Package: xcolor 2016/05/11 v2.12 LaTeX color extensions (UK)

(c:/Users/Brian.Langseth/AppData/Roaming/TinyTeX/texmf-dist/tex/latex/graphics-
cfg/color.cfg
File: color.cfg 2016/01/02 v1.6 sample color configuration
)
Package xcolor Info: Driver file: luatex.def on input line 225.
Package xcolor Info: Model `cmy' substituted by `cmy0' on input line 1348.
Package xcolor Info: Model `hsb' substituted by `rgb' on input line 1352.
Package xcolor Info: Model `RGB' extended on input line 1364.
Package xcolor Info: Model `HTML' substituted by `rgb' on input line 1366.
Package xcolor Info: Model `Hsb' substituted by `hsb' on input line 1367.
Package xcolor Info: Model `tHsb' substituted by `hsb' on input line 1368.
Package xcolor Info: Model `HSB' substituted by `hsb' on input line 1369.
Package xcolor Info: Model `Gray' substituted by `gray' on input line 1370.
Package xcolor Info: Model `wave' substituted by `hsb' on input line 1371.
)
(c:/Users/Brian.Langseth/AppData/Roaming/TinyTeX/texmf-dist/tex/latex/pdfmanage
ment-testphase/xcolor-patches-tmp-ltx.sty
Package: xcolor-patches-tmp-ltx 2021-05-14 v0.95d patch xcolor for l3color
)
(c:/Users/Brian.Langseth/AppData/Roaming/TinyTeX/texmf-dist/tex/generic/pgf/bas
iclayer/pgfcore.code.tex
Package: pgfcore 2021/05/15 v3.1.9a (3.1.9a)

(c:/Users/Brian.Langseth/AppData/Roaming/TinyTeX/texmf-dist/tex/generic/pgf/mat
h/pgfmath.code.tex
(c:/Users/Brian.Langseth/AppData/Roaming/TinyTeX/texmf-dist/tex/generic/pgf/mat
h/pgfmathcalc.code.tex
(c:/Users/Brian.Langseth/AppData/Roaming/TinyTeX/texmf-dist/tex/generic/pgf/mat
h/pgfmathutil.code.tex)
(c:/Users/Brian.Langseth/AppData/Roaming/TinyTeX/texmf-dist/tex/generic/pgf/mat
h/pgfmathparser.code.tex
\pgfmath@dimen=\dimen153
\pgfmath@count=\count196
\pgfmath@box=\box50
\pgfmath@toks=\toks23
\pgfmath@stack@operand=\toks24
\pgfmath@stack@operation=\toks25
)
(c:/Users/Brian.Langseth/AppData/Roaming/TinyTeX/texmf-dist/tex/generic/pgf/mat
h/pgfmathfunctions.code.tex
(c:/Users/Brian.Langseth/AppData/Roaming/TinyTeX/texmf-dist/tex/generic/pgf/mat
h/pgfmathfunctions.basic.code.tex)
(c:/Users/Brian.Langseth/AppData/Roaming/TinyTeX/texmf-dist/tex/generic/pgf/mat
h/pgfmathfunctions.trigonometric.code.tex)
(c:/Users/Brian.Langseth/AppData/Roaming/TinyTeX/texmf-dist/tex/generic/pgf/mat
h/pgfmathfunctions.random.code.tex)
(c:/Users/Brian.Langseth/AppData/Roaming/TinyTeX/texmf-dist/tex/generic/pgf/mat
h/pgfmathfunctions.comparison.code.tex)
(c:/Users/Brian.Langseth/AppData/Roaming/TinyTeX/texmf-dist/tex/generic/pgf/mat
h/pgfmathfunctions.base.code.tex)
(c:/Users/Brian.Langseth/AppData/Roaming/TinyTeX/texmf-dist/tex/generic/pgf/mat
h/pgfmathfunctions.round.code.tex)
(c:/Users/Brian.Langseth/AppData/Roaming/TinyTeX/texmf-dist/tex/generic/pgf/mat
h/pgfmathfunctions.misc.code.tex)
(c:/Users/Brian.Langseth/AppData/Roaming/TinyTeX/texmf-dist/tex/generic/pgf/mat
h/pgfmathfunctions.integerarithmetics.code.tex)))
(c:/Users/Brian.Langseth/AppData/Roaming/TinyTeX/texmf-dist/tex/generic/pgf/mat
h/pgfmathfloat.code.tex
\c@pgfmathroundto@lastzeros=\count197
))
(c:/Users/Brian.Langseth/AppData/Roaming/TinyTeX/texmf-dist/tex/generic/pgf/mat
h/pgfint.code.tex)
(c:/Users/Brian.Langseth/AppData/Roaming/TinyTeX/texmf-dist/tex/generic/pgf/bas
iclayer/pgfcorepoints.code.tex
File: pgfcorepoints.code.tex 2021/05/15 v3.1.9a (3.1.9a)
\pgf@picminx=\dimen154
\pgf@picmaxx=\dimen155
\pgf@picminy=\dimen156
\pgf@picmaxy=\dimen157
\pgf@pathminx=\dimen158
\pgf@pathmaxx=\dimen159
\pgf@pathminy=\dimen160
\pgf@pathmaxy=\dimen161
\pgf@xx=\dimen162
\pgf@xy=\dimen163
\pgf@yx=\dimen164
\pgf@yy=\dimen165
\pgf@zx=\dimen166
\pgf@zy=\dimen167
)
(c:/Users/Brian.Langseth/AppData/Roaming/TinyTeX/texmf-dist/tex/generic/pgf/bas
iclayer/pgfcorepathconstruct.code.tex
File: pgfcorepathconstruct.code.tex 2021/05/15 v3.1.9a (3.1.9a)
\pgf@path@lastx=\dimen168
\pgf@path@lasty=\dimen169
)
(c:/Users/Brian.Langseth/AppData/Roaming/TinyTeX/texmf-dist/tex/generic/pgf/bas
iclayer/pgfcorepathusage.code.tex
File: pgfcorepathusage.code.tex 2021/05/15 v3.1.9a (3.1.9a)
\pgf@shorten@end@additional=\dimen170
\pgf@shorten@start@additional=\dimen171
)
(c:/Users/Brian.Langseth/AppData/Roaming/TinyTeX/texmf-dist/tex/generic/pgf/bas
iclayer/pgfcorescopes.code.tex
File: pgfcorescopes.code.tex 2021/05/15 v3.1.9a (3.1.9a)
\pgfpic=\box51
\pgf@hbox=\box52
\pgf@layerbox@main=\box53
\pgf@picture@serial@count=\count198
)
(c:/Users/Brian.Langseth/AppData/Roaming/TinyTeX/texmf-dist/tex/generic/pgf/bas
iclayer/pgfcoregraphicstate.code.tex
File: pgfcoregraphicstate.code.tex 2021/05/15 v3.1.9a (3.1.9a)
\pgflinewidth=\dimen172
)
(c:/Users/Brian.Langseth/AppData/Roaming/TinyTeX/texmf-dist/tex/generic/pgf/bas
iclayer/pgfcoretransformations.code.tex
File: pgfcoretransformations.code.tex 2021/05/15 v3.1.9a (3.1.9a)
\pgf@pt@x=\dimen173
\pgf@pt@y=\dimen174
\pgf@pt@temp=\dimen175
)
(c:/Users/Brian.Langseth/AppData/Roaming/TinyTeX/texmf-dist/tex/generic/pgf/bas
iclayer/pgfcorequick.code.tex
File: pgfcorequick.code.tex 2021/05/15 v3.1.9a (3.1.9a)
)
(c:/Users/Brian.Langseth/AppData/Roaming/TinyTeX/texmf-dist/tex/generic/pgf/bas
iclayer/pgfcoreobjects.code.tex
File: pgfcoreobjects.code.tex 2021/05/15 v3.1.9a (3.1.9a)
)
(c:/Users/Brian.Langseth/AppData/Roaming/TinyTeX/texmf-dist/tex/generic/pgf/bas
iclayer/pgfcorepathprocessing.code.tex
File: pgfcorepathprocessing.code.tex 2021/05/15 v3.1.9a (3.1.9a)
)
(c:/Users/Brian.Langseth/AppData/Roaming/TinyTeX/texmf-dist/tex/generic/pgf/bas
iclayer/pgfcorearrows.code.tex
File: pgfcorearrows.code.tex 2021/05/15 v3.1.9a (3.1.9a)
\pgfarrowsep=\dimen176
)
(c:/Users/Brian.Langseth/AppData/Roaming/TinyTeX/texmf-dist/tex/generic/pgf/bas
iclayer/pgfcoreshade.code.tex
File: pgfcoreshade.code.tex 2021/05/15 v3.1.9a (3.1.9a)
\pgf@max=\dimen177
\pgf@sys@shading@range@num=\count199
\pgf@shadingcount=\count266
)
(c:/Users/Brian.Langseth/AppData/Roaming/TinyTeX/texmf-dist/tex/generic/pgf/bas
iclayer/pgfcoreimage.code.tex
File: pgfcoreimage.code.tex 2021/05/15 v3.1.9a (3.1.9a)

(c:/Users/Brian.Langseth/AppData/Roaming/TinyTeX/texmf-dist/tex/generic/pgf/bas
iclayer/pgfcoreexternal.code.tex
File: pgfcoreexternal.code.tex 2021/05/15 v3.1.9a (3.1.9a)
\pgfexternal@startupbox=\box54
))
(c:/Users/Brian.Langseth/AppData/Roaming/TinyTeX/texmf-dist/tex/generic/pgf/bas
iclayer/pgfcorelayers.code.tex
File: pgfcorelayers.code.tex 2021/05/15 v3.1.9a (3.1.9a)
)
(c:/Users/Brian.Langseth/AppData/Roaming/TinyTeX/texmf-dist/tex/generic/pgf/bas
iclayer/pgfcoretransparency.code.tex
File: pgfcoretransparency.code.tex 2021/05/15 v3.1.9a (3.1.9a)
)
(c:/Users/Brian.Langseth/AppData/Roaming/TinyTeX/texmf-dist/tex/generic/pgf/bas
iclayer/pgfcorepatterns.code.tex
File: pgfcorepatterns.code.tex 2021/05/15 v3.1.9a (3.1.9a)
)
(c:/Users/Brian.Langseth/AppData/Roaming/TinyTeX/texmf-dist/tex/generic/pgf/bas
iclayer/pgfcorerdf.code.tex
File: pgfcorerdf.code.tex 2021/05/15 v3.1.9a (3.1.9a)
)))
(c:/Users/Brian.Langseth/AppData/Roaming/TinyTeX/texmf-dist/tex/generic/pgf/mod
ules/pgfmoduleshapes.code.tex
File: pgfmoduleshapes.code.tex 2021/05/15 v3.1.9a (3.1.9a)
\pgfnodeparttextbox=\box55
)
(c:/Users/Brian.Langseth/AppData/Roaming/TinyTeX/texmf-dist/tex/generic/pgf/mod
ules/pgfmoduleplot.code.tex
File: pgfmoduleplot.code.tex 2021/05/15 v3.1.9a (3.1.9a)
)
(c:/Users/Brian.Langseth/AppData/Roaming/TinyTeX/texmf-dist/tex/latex/pgf/compa
tibility/pgfcomp-version-0-65.sty
Package: pgfcomp-version-0-65 2021/05/15 v3.1.9a (3.1.9a)
\pgf@nodesepstart=\dimen178
\pgf@nodesepend=\dimen179
)
(c:/Users/Brian.Langseth/AppData/Roaming/TinyTeX/texmf-dist/tex/latex/pgf/compa
tibility/pgfcomp-version-1-18.sty
Package: pgfcomp-version-1-18 2021/05/15 v3.1.9a (3.1.9a)
))
(c:/Users/Brian.Langseth/AppData/Roaming/TinyTeX/texmf-dist/tex/latex/pgf/utili
ties/pgffor.sty
(c:/Users/Brian.Langseth/AppData/Roaming/TinyTeX/texmf-dist/tex/latex/pgf/utili
ties/pgfkeys.sty
(c:/Users/Brian.Langseth/AppData/Roaming/TinyTeX/texmf-dist/tex/generic/pgf/uti
lities/pgfkeys.code.tex))
(c:/Users/Brian.Langseth/AppData/Roaming/TinyTeX/texmf-dist/tex/latex/pgf/math/
pgfmath.sty
(c:/Users/Brian.Langseth/AppData/Roaming/TinyTeX/texmf-dist/tex/generic/pgf/mat
h/pgfmath.code.tex))
(c:/Users/Brian.Langseth/AppData/Roaming/TinyTeX/texmf-dist/tex/generic/pgf/uti
lities/pgffor.code.tex
Package: pgffor 2021/05/15 v3.1.9a (3.1.9a)

(c:/Users/Brian.Langseth/AppData/Roaming/TinyTeX/texmf-dist/tex/generic/pgf/mat
h/pgfmath.code.tex)
\pgffor@iter=\dimen180
\pgffor@skip=\dimen181
\pgffor@stack=\toks26
\pgffor@toks=\toks27
))
(c:/Users/Brian.Langseth/AppData/Roaming/TinyTeX/texmf-dist/tex/generic/pgf/fro
ntendlayer/tikz/tikz.code.tex
Package: tikz 2021/05/15 v3.1.9a (3.1.9a)

(c:/Users/Brian.Langseth/AppData/Roaming/TinyTeX/texmf-dist/tex/generic/pgf/lib
raries/pgflibraryplothandlers.code.tex
File: pgflibraryplothandlers.code.tex 2021/05/15 v3.1.9a (3.1.9a)
\pgf@plot@mark@count=\count267
\pgfplotmarksize=\dimen182
)
\tikz@lastx=\dimen183
\tikz@lasty=\dimen184
\tikz@lastxsaved=\dimen185
\tikz@lastysaved=\dimen186
\tikz@lastmovetox=\dimen187
\tikz@lastmovetoy=\dimen188
\tikzleveldistance=\dimen189
\tikzsiblingdistance=\dimen190
\tikz@figbox=\box56
\tikz@figbox@bg=\box57
\tikz@tempbox=\box58
\tikz@tempbox@bg=\box59
\tikztreelevel=\count268
\tikznumberofchildren=\count269
\tikznumberofcurrentchild=\count270
\tikz@fig@count=\count271

(c:/Users/Brian.Langseth/AppData/Roaming/TinyTeX/texmf-dist/tex/generic/pgf/mod
ules/pgfmodulematrix.code.tex
File: pgfmodulematrix.code.tex 2021/05/15 v3.1.9a (3.1.9a)
\pgfmatrixcurrentrow=\count272
\pgfmatrixcurrentcolumn=\count273
\pgf@matrix@numberofcolumns=\count274
)
\tikz@expandcount=\count275

(c:/Users/Brian.Langseth/AppData/Roaming/TinyTeX/texmf-dist/tex/generic/pgf/fro
ntendlayer/tikz/libraries/tikzlibrarytopaths.code.tex
File: tikzlibrarytopaths.code.tex 2021/05/15 v3.1.9a (3.1.9a)
)))
(c:/Users/Brian.Langseth/AppData/Roaming/TinyTeX/texmf-dist/tex/latex/geometry/
geometry.sty
Package: geometry 2020/01/02 v5.9 Page Geometry

(c:/Users/Brian.Langseth/AppData/Roaming/TinyTeX/texmf-dist/tex/generic/iftex/i
fvtex.sty
Package: ifvtex 2019/10/25 v1.7 ifvtex legacy package. Use iftex instead.

(c:/Users/Brian.Langseth/AppData/Roaming/TinyTeX/texmf-dist/tex/generic/iftex/i
ftex.sty
Package: iftex 2020/03/06 v1.0d TeX engine tests
))
\Gm@cnth=\count276
\Gm@cntv=\count277
\c@Gm@tempcnt=\count278
\Gm@bindingoffset=\dimen191
\Gm@wd@mp=\dimen192
\Gm@odd@mp=\dimen193
\Gm@even@mp=\dimen194
\Gm@layoutwidth=\dimen195
\Gm@layoutheight=\dimen196
\Gm@layouthoffset=\dimen197
\Gm@layoutvoffset=\dimen198
\Gm@dimlist=\toks28
)
(c:/Users/Brian.Langseth/AppData/Roaming/TinyTeX/texmf-dist/tex/latex/lastpage/
lastpage.sty
Package: lastpage 2015/03/29 v1.2m Refers to last page's name (HMM; JPG)
)
(c:/Users/Brian.Langseth/AppData/Roaming/TinyTeX/texmf-dist/tex/latex/fancyhdr/
fancyhdr.sty
Package: fancyhdr 2021/01/28 v4.0.1 Extensive control of page headers and foote
rs
\f@nch@headwidth=\skip49
\f@nch@O@elh=\skip50
\f@nch@O@erh=\skip51
\f@nch@O@olh=\skip52
\f@nch@O@orh=\skip53
\f@nch@O@elf=\skip54
\f@nch@O@erf=\skip55
\f@nch@O@olf=\skip56
\f@nch@O@orf=\skip57
)
(c:/Users/Brian.Langseth/AppData/Roaming/TinyTeX/texmf-dist/tex/latex/hanging/h
anging.sty
Package: hanging 2009/09/02 v1.2b hanging paragraphs and punctuation
\h@ngcommawd=\skip58
\h@ngfstopwd=\skip59
\h@ngquotewd=\skip60
\h@ngdquotewd=\skip61
\h@ngquerywd=\skip62
\h@ngexclwd=\skip63
\h@ngcolonwd=\skip64
\h@ngscolonwd=\skip65
)
(c:/Users/Brian.Langseth/AppData/Roaming/TinyTeX/texmf-dist/tex/latex/pdfmanage
ment-testphase/pdflscape-ltx.sty
Package: pdflscape-ltx 2021-05-14 v0.95d Display of landscape pages in PDF - ad
aption of pdflscape to the PDFmanagement bundle (testphase)

(c:/Users/Brian.Langseth/AppData/Roaming/TinyTeX/texmf-dist/tex/latex/graphics/
lscape.sty
Package: lscape 2020/05/28 v3.02 Landscape Pages (DPC)
))
(c:/Users/Brian.Langseth/AppData/Roaming/TinyTeX/texmf-dist/tex/latex/setspace/
setspace.sty
Package: setspace 2011/12/19 v6.7a set line spacing
)
(c:/Users/Brian.Langseth/AppData/Roaming/TinyTeX/texmf-dist/tex/latex/float/flo
at.sty
Package: float 2001/11/08 v1.3d Float enhancements (AL)
\c@float@type=\count279
\float@exts=\toks29
\float@box=\box60
\@float@everytoks=\toks30
\@floatcapt=\box61
)
(c:/Users/Brian.Langseth/AppData/Roaming/TinyTeX/texmf-dist/tex/latex/url/url.s
ty
\Urlmuskip=\muskip16
Package: url 2013/09/16  ver 3.4  Verb mode for urls, etc.
)
(c:/Users/Brian.Langseth/AppData/Roaming/TinyTeX/texmf-dist/tex/latex/hyperref/
hyperref.sty
Package: hyperref 2021-02-27 v7.00k Hypertext links for LaTeX

(c:/Users/Brian.Langseth/AppData/Roaming/TinyTeX/texmf-dist/tex/generic/ltxcmds
/ltxcmds.sty
Package: ltxcmds 2020-05-10 v1.25 LaTeX kernel commands for general use (HO)
)
(c:/Users/Brian.Langseth/AppData/Roaming/TinyTeX/texmf-dist/tex/generic/pdftexc
mds/pdftexcmds.sty
Package: pdftexcmds 2020-06-27 v0.33 Utility functions of pdfTeX for LuaTeX (HO
)

(c:/Users/Brian.Langseth/AppData/Roaming/TinyTeX/texmf-dist/tex/generic/infware
rr/infwarerr.sty
Package: infwarerr 2019/12/03 v1.5 Providing info/warning/error messages (HO)
)
Package pdftexcmds Info: \pdf@primitive is available.
Package pdftexcmds Info: \pdf@ifprimitive is available.
Package pdftexcmds Info: \pdfdraftmode found.
\pdftexcmds@toks=\toks31
)
(c:/Users/Brian.Langseth/AppData/Roaming/TinyTeX/texmf-dist/tex/generic/kvsetke
ys/kvsetkeys.sty
Package: kvsetkeys 2019/12/15 v1.18 Key value parser (HO)
)
(c:/Users/Brian.Langseth/AppData/Roaming/TinyTeX/texmf-dist/tex/generic/kvdefin
ekeys/kvdefinekeys.sty
Package: kvdefinekeys 2019-12-19 v1.6 Define keys (HO)
)
(c:/Users/Brian.Langseth/AppData/Roaming/TinyTeX/texmf-dist/tex/generic/pdfesca
pe/pdfescape.sty
Package: pdfescape 2019/12/09 v1.15 Implements pdfTeX's escape features (HO)
)
(c:/Users/Brian.Langseth/AppData/Roaming/TinyTeX/texmf-dist/tex/latex/hycolor/h
ycolor.sty
Package: hycolor 2020-01-27 v1.10 Color options for hyperref/bookmark (HO)
)
(c:/Users/Brian.Langseth/AppData/Roaming/TinyTeX/texmf-dist/tex/latex/letltxmac
ro/letltxmacro.sty
Package: letltxmacro 2019/12/03 v1.6 Let assignment for LaTeX macros (HO)
)
(c:/Users/Brian.Langseth/AppData/Roaming/TinyTeX/texmf-dist/tex/latex/auxhook/a
uxhook.sty
Package: auxhook 2019-12-17 v1.6 Hooks for auxiliary files (HO)
)
(c:/Users/Brian.Langseth/AppData/Roaming/TinyTeX/texmf-dist/tex/latex/kvoptions
/kvoptions.sty
Package: kvoptions 2020-10-07 v3.14 Key value format for package options (HO)
)
\@linkdim=\dimen199
\Hy@linkcounter=\count280
\Hy@pagecounter=\count281

(c:/Users/Brian.Langseth/AppData/Roaming/TinyTeX/texmf-dist/tex/latex/hyperref/
pd1enc.def
File: pd1enc.def 2021-02-27 v7.00k Hyperref: PDFDocEncoding definition (HO)
)
(c:/Users/Brian.Langseth/AppData/Roaming/TinyTeX/texmf-dist/tex/latex/hyperref/
hyperref-langpatches.def
File: hyperref-langpatches.def 2021-02-27 v7.00k Hyperref: patches for babel la
nguages
)
(c:/Users/Brian.Langseth/AppData/Roaming/TinyTeX/texmf-dist/tex/generic/intcalc
/intcalc.sty
Package: intcalc 2019/12/15 v1.3 Expandable calculations with integers (HO)
)
(c:/Users/Brian.Langseth/AppData/Roaming/TinyTeX/texmf-dist/tex/generic/etexcmd
s/etexcmds.sty
Package: etexcmds 2019/12/15 v1.7 Avoid name clashes with e-TeX commands (HO)
)
\Hy@SavedSpaceFactor=\count282

(c:/Users/Brian.Langseth/AppData/Roaming/TinyTeX/texmf-dist/tex/latex/hyperref/
puenc.def
File: puenc.def 2021-02-27 v7.00k Hyperref: PDF Unicode definition (HO)
)
Package hyperref Info: Hyper figures OFF on input line 4192.
Package hyperref Info: Link nesting OFF on input line 4197.
Package hyperref Info: Hyper index ON on input line 4200.
Package hyperref Info: Plain pages OFF on input line 4207.
Package hyperref Info: Backreferencing ON on input line 4210.
Package hyperref Info: Implicit mode ON; LaTeX internals redefined.
Package hyperref Info: Bookmarks ON on input line 4445.

(c:/Users/Brian.Langseth/AppData/Roaming/TinyTeX/texmf-dist/tex/latex/hyperref/
backref.sty
Package: backref 2021/02/04 v1.41 Bibliographical back referencing

(c:/Users/Brian.Langseth/AppData/Roaming/TinyTeX/texmf-dist/tex/latex/rerunfile
check/rerunfilecheck.sty
Package: rerunfilecheck 2019/12/05 v1.9 Rerun checks for auxiliary files (HO)

(c:/Users/Brian.Langseth/AppData/Roaming/TinyTeX/texmf-dist/tex/latex/base/atve
ryend-ltx.sty
Package: atveryend-ltx 2020/08/19 v1.0a Emulation of the original atvery packag
e
with kernel methods
)
(c:/Users/Brian.Langseth/AppData/Roaming/TinyTeX/texmf-dist/tex/generic/uniquec
ounter/uniquecounter.sty
Package: uniquecounter 2019/12/15 v1.4 Provide unlimited unique counter (HO)

(c:/Users/Brian.Langseth/AppData/Roaming/TinyTeX/texmf-dist/tex/generic/bigintc
alc/bigintcalc.sty
Package: bigintcalc 2019/12/15 v1.5 Expandable calculations on big integers (HO
)
))
Package uniquecounter Info: New unique counter `rerunfilecheck' on input line 2
86.
))
\c@Hy@tempcnt=\count283
LaTeX Info: Redefining \url on input line 4804.
\XeTeXLinkMargin=\dimen256

(c:/Users/Brian.Langseth/AppData/Roaming/TinyTeX/texmf-dist/tex/generic/bitset/
bitset.sty
Package: bitset 2019/12/09 v1.3 Handle bit-vector datatype (HO)
)
\Fld@menulength=\count284
\Field@Width=\dimen257
\Fld@charsize=\dimen258
Package hyperref Info: Hyper figures OFF on input line 6075.
Package hyperref Info: Link nesting OFF on input line 6080.
Package hyperref Info: Hyper index ON on input line 6083.
Package hyperref Info: backreferencing ON on input line 6088.
Package hyperref Info: Link coloring OFF on input line 6095.
Package hyperref Info: Link coloring with OCG OFF on input line 6100.
Package hyperref Info: PDF/A mode OFF on input line 6105.
LaTeX Info: Redefining \ref on input line 6145.
LaTeX Info: Redefining \pageref on input line 6149.

(c:/Users/Brian.Langseth/AppData/Roaming/TinyTeX/texmf-dist/tex/latex/base/atbe
gshi-ltx.sty
Package: atbegshi-ltx 2020/08/17 v1.0a Emulation of the original atbegshi packa
ge
with kernel methods
)
\Hy@abspage=\count285
\c@Item=\count286
\c@Hfootnote=\count287
)
Package hyperref Info: Driver (custom): hgeneric-testphase.

(c:/Users/Brian.Langseth/AppData/Roaming/TinyTeX/texmf-dist/tex/latex/pdfmanage
ment-testphase/hgeneric-testphase.def
File: hgeneric-testphase.def 2021-05-14 v0.95d generic Hyperref driver for the 
LaTeX PDF management testphase bundle

(c:/Users/Brian.Langseth/AppData/Roaming/TinyTeX/texmf-dist/tex/latex/etoolbox/
etoolbox.sty
Package: etoolbox 2020/10/05 v2.5k e-TeX tools for LaTeX (JAW)
\etb@tempcnta=\count288
)
(c:/Users/Brian.Langseth/AppData/Roaming/TinyTeX/texmf-dist/tex/latex/pdfmanage
ment-testphase/hyperref-colorschemes.def)

LaTeX3 Info: Redefining command \Acrobatmenu with sig. 'mm' on line 175.

LaTeX Info: Redefining \href on input line 248.
LaTeX Info: Redefining \url on input line 338.

LaTeX3 Info: Defining command \__hyp_secondoftwowithopt:wnn with sig. 'omm' on
(LaTeX3)     line 371.

\l__hyp_tmpa_box=\box62
\l__hyp_tmpa_int=\count289
\l__hyp_dest_box=\box63

LaTeX3 Info: Defining command \MakeFieldObject with sig. 'mm' on line 2379.

\HyAnn@Count=\count290
\Fld@listcount=\count291
\Hy@SectionHShift=\skip66
LaTeX Info: Redefining \Hy__hypSectionAnchor on input line 3416.
)
(c:/Users/Brian.Langseth/AppData/Roaming/TinyTeX/texmf-dist/tex/latex/datetime2
/datetime2.sty
Package: datetime2 2021/03/21 v1.5.7 (NLCT) date and time formats

(c:/Users/Brian.Langseth/AppData/Roaming/TinyTeX/texmf-dist/tex/latex/tracklang
/tracklang.sty
Package: tracklang 2020/06/30 v1.5 (NLCT) Track Languages

(c:/Users/Brian.Langseth/AppData/Roaming/TinyTeX/texmf-dist/tex/generic/trackla
ng/tracklang.tex))
(c:/Users/Brian.Langseth/AppData/Roaming/TinyTeX/texmf-dist/tex/latex/xkeyval/x
keyval.sty
Package: xkeyval 2020/11/20 v2.8 package option processing (HA)

(c:/Users/Brian.Langseth/AppData/Roaming/TinyTeX/texmf-dist/tex/generic/xkeyval
/xkeyval.tex
(c:/Users/Brian.Langseth/AppData/Roaming/TinyTeX/texmf-dist/tex/generic/xkeyval
/xkvutils.tex
\XKV@toks=\toks32
\XKV@tempa@toks=\toks33
)
\XKV@depth=\count292
File: xkeyval.tex 2014/12/03 v2.7a key=value parser (HA)
))

Package datetime2 Warning: Date-Time Language Module `english' not installed on
 input line 1913.

)
(c:/Users/Brian.Langseth/AppData/Roaming/TinyTeX/texmf-dist/tex/latex/natbib/na
tbib.sty
Package: natbib 2010/09/13 8.31b (PWD, AO)
\bibhang=\skip67
\bibsep=\skip68
LaTeX Info: Redefining \cite on input line 694.
\c@NAT@ctr=\count293
)
(c:/Users/Brian.Langseth/AppData/Roaming/TinyTeX/texmf-dist/tex/latex/fancyvrb/
fancyvrb.sty
Package: fancyvrb 2021/01/20 v3.7 verbatim text (tvz,hv)
\FV@CodeLineNo=\count294
\FV@InFile=\read3
\FV@TabBox=\box64
\c@FancyVerbLine=\count295
\FV@StepNumber=\count296
\FV@OutFile=\write4
)
(c:/Users/Brian.Langseth/AppData/Roaming/TinyTeX/texmf-dist/tex/latex/base/allt
t.sty
Package: alltt 1997/06/16 v2.0g defines alltt environment
)
(c:/Users/Brian.Langseth/AppData/Roaming/TinyTeX/texmf-dist/tex/latex/amsfonts/
amsfonts.sty
Package: amsfonts 2013/01/14 v3.01 Basic AMSFonts support
\@emptytoks=\toks34
\symAMSa=\mathgroup4
\symAMSb=\mathgroup5
LaTeX Font Info:    Redeclaring math symbol \hbar on input line 98.
LaTeX Font Info:    Overwriting math alphabet `\mathfrak' in version `bold'
(Font)                  U/euf/m/n --> U/euf/b/n on input line 106.
)
(c:/Users/Brian.Langseth/AppData/Roaming/TinyTeX/texmf-dist/tex/latex/caption/c
aption.sty
Package: caption 2020/10/26 v3.5g Customizing captions (AR)

(c:/Users/Brian.Langseth/AppData/Roaming/TinyTeX/texmf-dist/tex/latex/caption/c
aption3.sty
Package: caption3 2020/10/21 v2.2e caption3 kernel (AR)
\captionmargin=\dimen259
\captionmargin@=\dimen260
\captionwidth=\dimen261
\caption@tempdima=\dimen262
\caption@indent=\dimen263
\caption@parindent=\dimen264
\caption@hangindent=\dimen265
Package caption Info: Standard document class detected.
)
\c@caption@flags=\count297
\c@continuedfloat=\count298
Package caption Info: float package is loaded.
Package caption Info: hyperref package is loaded.
)
(c:/Users/Brian.Langseth/AppData/Roaming/TinyTeX/texmf-dist/tex/latex/environ/e
nviron.sty
Package: environ 2014/05/04 v0.3 A new way to define environments

(c:/Users/Brian.Langseth/AppData/Roaming/TinyTeX/texmf-dist/tex/latex/trimspace
s/trimspaces.sty
Package: trimspaces 2009/09/17 v1.1 Trim spaces around a token list
)
\@envbody=\toks35
)
(c:/Users/Brian.Langseth/AppData/Roaming/TinyTeX/texmf-dist/tex/latex/accsupp/a
ccsupp.sty
Package: accsupp 2019/12/05 v0.6 Accessibility support by marked content (HO)

(c:/Users/Brian.Langseth/AppData/Roaming/TinyTeX/texmf-dist/tex/latex/accsupp/a
ccsupp-luatex.def
File: accsupp-luatex.def 2019/12/05 v0.6 accsupp driver for pdfTeX (HO)
))
(c:/Users/Brian.Langseth/AppData/Roaming/TinyTeX/texmf-dist/tex/latex/pdfcommen
t/pdfcomment.sty
Package: pdfcomment 2018/11/01 pdfcomment.sty v2.4a - Josef Kleber (C) 2008-201
2, 2015-2016, 2018
\c@pc@count@i=\count299
\c@pc@count@ii=\count300
\c@pc@count@iii=\count301
\c@pc@count@iv=\count302
\pc@mathannot@box=\box65
\pc@nullbox=\box66
\pc@dima=\skip69
\pc@dimb=\skip70
\pc@Sposx=\skip71
\pc@Sposy=\skip72
\pc@Eposx=\skip73
\pc@Eposy=\skip74
\pc@column=\skip75
\pc@box@width=\skip76
\pc@box@height=\skip77
\pc@box@depth=\skip78

(c:/Users/Brian.Langseth/AppData/Roaming/TinyTeX/texmf-dist/tex/generic/luatex8
5/luatex85.sty
Package: luatex85 2016/06/15 v1.4 pdftex aliases for luatex
)
(c:/Users/Brian.Langseth/AppData/Roaming/TinyTeX/texmf-dist/tex/latex/zref/zref
-savepos.sty
Package: zref-savepos 2020-07-03 v2.32 Module savepos for zref (HO)

(c:/Users/Brian.Langseth/AppData/Roaming/TinyTeX/texmf-dist/tex/latex/zref/zref
-base.sty
Package: zref-base 2020-07-03 v2.32 Module base for zref (HO)
Package zref Info: New property list: main on input line 764.
Package zref Info: New property: default on input line 765.
Package zref Info: New property: page on input line 766.
)
Package zref Info: New property list: savepos on input line 80.
Package zref Info: New property: posx on input line 85.
Package zref Info: New property: posy on input line 86.
)
\c@zref@unique=\count303

(c:/Users/Brian.Langseth/AppData/Roaming/TinyTeX/texmf-dist/tex/latex/refcount/
refcount.sty
Package: refcount 2019/12/15 v3.6 Data extraction from label references (HO)
)
(c:/Users/Brian.Langseth/AppData/Roaming/TinyTeX/texmf-dist/tex/latex/base/ifth
en.sty
Package: ifthen 2014/09/29 v1.1c Standard LaTeX ifthen package (DPC)
)
(c:/Users/Brian.Langseth/AppData/Roaming/TinyTeX/texmf-dist/tex/latex/tools/cal
c.sty
Package: calc 2017/05/25 v4.3 Infix arithmetic (KKT,FJ)
\calc@Acount=\count304
\calc@Bcount=\count305
\calc@Adimen=\dimen266
\calc@Bdimen=\dimen267
\calc@Askip=\skip79
\calc@Bskip=\skip80
LaTeX Info: Redefining \setlength on input line 80.
LaTeX Info: Redefining \addtolength on input line 81.
\calc@Ccount=\count306
\calc@Cskip=\skip81
)
(c:/Users/Brian.Langseth/AppData/Roaming/TinyTeX/texmf-dist/tex/latex/marginnot
e/marginnote.sty
Package: marginnote 2018/08/09 v1.4b non floating margin notes for LaTeX
\c@mn@abspage=\count307
)
(c:/Users/Brian.Langseth/AppData/Roaming/TinyTeX/texmf-dist/tex/generic/iftex/i
fpdf.sty
Package: ifpdf 2019/10/25 v3.4 ifpdf legacy package. Use iftex instead.
)
(c:/Users/Brian.Langseth/AppData/Roaming/TinyTeX/texmf-dist/tex/generic/iftex/i
fluatex.sty
Package: ifluatex 2019/10/25 v1.5 ifluatex legacy package. Use iftex instead.
)
(c:/Users/Brian.Langseth/AppData/Roaming/TinyTeX/texmf-dist/tex/latex/soulpos/s
oulpos.sty
Package: soulpos 2012/02/25 v1.1 Fancy underlining
\ulp@subcnt=\count308
\ulp@cnt=\count309
\ulp@out=\write5
\ulp@in=\read4
\ulwidth=\dimen268
)

Package hyperref Warning: unknown key luatex of module ’hyp / setup’ set to

(hyperref)                ’’.

Package zref Info: New property list: pdfcomment on input line 2735.
Package zref Info: New property: PCPDFOBJID on input line 2736.
)
(c:/Users/Brian.Langseth/AppData/Roaming/TinyTeX/texmf-dist/tex/latex/tagpdf/ta
gpdf.sty
Package: tagpdf 2021/05/14 v0.81  A package to experiment with pdf tagging 
\l__tag_loglevel_int=\count310

(c:/Users/Brian.Langseth/AppData/Roaming/TinyTeX/texmf-dist/tex/latex/tagpdf/ta
gpdf-luatex.def
File: tagpdf-luatex.def 2021/05/14 v0.81 tagpdf driver for luatex
\l__tag_mc_type_attr=\attribute4
\l__tag_mc_cnt_attr=\attribute5
\g__tag_interwordspace_attr=\attribute6
\g__tag_interwordfont_attr=\attribute7
Lua module: tagpdf 2021-05-14 0.81 tagpdf lua code)
(c:/Users/Brian.Langseth/AppData/Roaming/TinyTeX/texmf-dist/tex/latex/tagpdf/ta
gpdf-checks-code.sty
Package: tagpdf-checks-code 2021/05/14 v0.81 part of tagpdf - code related to c
hecks and messages
)
(c:/Users/Brian.Langseth/AppData/Roaming/TinyTeX/texmf-dist/tex/latex/tagpdf/ta
gpdf-user.sty
Package: tagpdf-user 2021/05/14 v0.81 tagpdf - user commands

LaTeX3 Info: Defining command \tagpdfsetup with sig. 'm' on line 28.


LaTeX3 Info: Defining command \tagmcifinTF with sig. 'mm' on line 68.


LaTeX3 Info: Defining environment 'tagmcartifact' with sig. 'm' on line 75.


LaTeX3 Info: Defining command \tagmcbegin with sig. 'm' on line 80.


LaTeX3 Info: Defining command \tagmcend with sig. '' on line 86.


LaTeX3 Info: Defining command \tagmcuse with sig. 'm' on line 91.


LaTeX3 Info: Defining command \tagstructbegin with sig. 'm' on line 96.


LaTeX3 Info: Defining command \tagstructend with sig. '' on line 101.


LaTeX3 Info: Defining command \tagstructuse with sig. 'm' on line 106.


LaTeX3 Info: Defining command \showtagpdfmcdata with sig.
(LaTeX3)     'O{\__tag_tag_get_mc_abs_cnt: }' on line 117.


LaTeX3 Info: Defining command \showtagpdfattributes with sig. '' on line 141.


LaTeX3 Info: Defining command \showtagstack with sig. '' on line 146.


LaTeX3 Info: Defining command \pdffakespace with sig. '' on line 153.

\g__tag_para_int=\count311
)
(c:/Users/Brian.Langseth/AppData/Roaming/TinyTeX/texmf-dist/tex/latex/tagpdf/ta
gpdf-tree-code.sty
Package: tagpdf-tree-code 2021/05/14 v0.81 part of tagpdf - code related to wri
ting trees and dictionaries to the pdf
\c@g__tag_parenttree_obj_int=\count312
)
(c:/Users/Brian.Langseth/AppData/Roaming/TinyTeX/texmf-dist/tex/latex/tagpdf/ta
gpdf-roles-code.sty
Package: tagpdf-roles-code 2021/05/14 v0.81 part of tagpdf - code related to ro
les and structure names
)
(c:/Users/Brian.Langseth/AppData/Roaming/TinyTeX/texmf-dist/tex/latex/tagpdf/ta
gpdf-attr-code.sty
Package: tagpdf-attr-code 2021/05/14 v0.81 part of tagpdf - code related to att
ributes and attribute classes
)
(c:/Users/Brian.Langseth/AppData/Roaming/TinyTeX/texmf-dist/tex/latex/tagpdf/ta
gpdf-mc-code-shared.sty
Package: tagpdf-mc-code-shared 2021/05/14 v0.81 part of tagpdf - code related t
o marking chunks - code shared by generic and luamode 
\c@g__tag_MCID_abs_int=\count313
\g__tag_MCID_tmp_bypage_int=\count314
)
(c:/Users/Brian.Langseth/AppData/Roaming/TinyTeX/texmf-dist/tex/latex/tagpdf/ta
gpdf-mc-code-lua.sty
Package: tagpdf-mc-code-lua 2021/05/14 v0.81 tagpdf - mc code only for the luam
ode 
)
(c:/Users/Brian.Langseth/AppData/Roaming/TinyTeX/texmf-dist/tex/latex/tagpdf/ta
gpdf-struct-code.sty
Package: tagpdf-struct-code 2021/05/14 v0.81 part of tagpdf - code related to s
toring structure
\c@g__tag_struct_abs_int=\count315
))
(c:/Users/Brian.Langseth/AppData/Roaming/TinyTeX/texmf-dist/tex/latex/tagpdf/ta
gpdf-space-code.sty
Package: tagpdf-space-code 2021/05/14 v0.81 part of tagpdf - code related to re
al space chars
)
Inserting `markspaces' at position 2 in `pre_linebreak_filter'.
Inserting `markspaces' at position 3 in `hpack_filter'.
(c:/Users/Brian.Langseth/AppData/Roaming/TinyTeX/texmf-dist/tex/latex/pgf/utili
ties/pgfpages.sty
Package: pgfpages 2011/01/05 ver 0.02
\pgf@logicalpages=\count316
\pgf@firstshipout=\count317
\pgf@lastshipout=\count318
\pgf@currentshipout=\count319
\pgf@cpn=\count320
\pgf@shipoutnextto=\count321
\pgfphysicalheight=\dimen269
\pgfphysicalwidth=\dimen270
\pgfpages@shipoutbox=\box67
)
(c:/Users/Brian.Langseth/AppData/Roaming/TinyTeX/texmf-dist/tex/latex/glossarie
s/base/glossaries.sty
Package: glossaries 2020/03/19 v4.46 (NLCT)

(c:/Users/Brian.Langseth/AppData/Roaming/TinyTeX/texmf-dist/tex/latex/mfirstuc/
mfirstuc.sty
Package: mfirstuc 2017/11/14 v2.06 (NLCT)
\@glsmfirst=\toks36
\@glsmrest=\toks37
)
(c:/Users/Brian.Langseth/AppData/Roaming/TinyTeX/texmf-dist/tex/latex/textcase/
textcase.sty
Package: textcase 2019/09/14 v1.00 Text only upper/lower case changing (DPC)
)
(c:/Users/Brian.Langseth/AppData/Roaming/TinyTeX/texmf-dist/tex/latex/xfor/xfor
.sty
Package: xfor 2009/02/05 v1.05 (NLCT)
)
(c:/Users/Brian.Langseth/AppData/Roaming/TinyTeX/texmf-dist/tex/latex/datatool/
datatool-base.sty
Package: datatool-base 2019/09/27 v2.32 (NLCT)

(c:/Users/Brian.Langseth/AppData/Roaming/TinyTeX/texmf-dist/tex/latex/amsmath/a
msmath.sty
Package: amsmath 2020/09/23 v2.17i AMS math features
\@mathmargin=\skip82
For additional information on amsmath, use the `?' option.

(c:/Users/Brian.Langseth/AppData/Roaming/TinyTeX/texmf-dist/tex/latex/amsmath/a
mstext.sty
Package: amstext 2000/06/29 v2.01 AMS text

(c:/Users/Brian.Langseth/AppData/Roaming/TinyTeX/texmf-dist/tex/latex/amsmath/a
msgen.sty
File: amsgen.sty 1999/11/30 v2.0 generic functions
\@emptytoks=\toks38
\ex@=\dimen271
))
(c:/Users/Brian.Langseth/AppData/Roaming/TinyTeX/texmf-dist/tex/latex/amsmath/a
msbsy.sty
Package: amsbsy 1999/11/29 v1.2d Bold Symbols
\pmbraise@=\dimen272
)
(c:/Users/Brian.Langseth/AppData/Roaming/TinyTeX/texmf-dist/tex/latex/amsmath/a
msopn.sty
Package: amsopn 2016/03/08 v2.02 operator names
LaTeX Info: Redefining \operatorname on input line 43.
)
\inf@bad=\count322
LaTeX Info: Redefining \frac on input line 236.
\uproot@=\count323
\leftroot@=\count324
LaTeX Info: Redefining \overline on input line 399.
\classnum@=\count325
\DOTSCASE@=\count326
LaTeX Info: Redefining \ldots on input line 496.
LaTeX Info: Redefining \dots on input line 499.
LaTeX Info: Redefining \cdots on input line 620.
\Mathstrutbox@=\box68
\strutbox@=\box69
\big@size=\dimen273
LaTeX Font Info:    Redeclaring font encoding OML on input line 743.
LaTeX Font Info:    Redeclaring font encoding OMS on input line 744.
\macc@depth=\count327
\c@MaxMatrixCols=\count328
\dotsspace@=\muskip17
\c@parentequation=\count329
\dspbrk@lvl=\count330
\tag@help=\toks39
\row@=\count331
\column@=\count332
\maxfields@=\count333
\andhelp@=\toks40
\eqnshift@=\dimen274
\alignsep@=\dimen275
\tagshift@=\dimen276
\tagwidth@=\dimen277
\totwidth@=\dimen278
\lineht@=\dimen279
\@envbody=\toks41
\multlinegap=\skip83
\multlinetaggap=\skip84
\mathdisplay@stack=\toks42
LaTeX Info: Redefining \[ on input line 2923.
LaTeX Info: Redefining \] on input line 2924.
)
(c:/Users/Brian.Langseth/AppData/Roaming/TinyTeX/texmf-dist/tex/latex/substr/su
bstr.sty
Package: substr 2009/10/20 v1.2 Handle substrings
\c@su@anzahl=\count334
)
(c:/Users/Brian.Langseth/AppData/Roaming/TinyTeX/texmf-dist/tex/latex/datatool/
datatool-fp.sty
Package: datatool-fp 2019/09/27 v2.32 (NLCT)

(c:/Users/Brian.Langseth/AppData/Roaming/TinyTeX/texmf-dist/tex/latex/fp/fp.sty
Package: fp 1995/04/02
`Fixed Point Package', Version 0.8, April 2, 1995 (C) Michael Mehlich
(c:/Users/Brian.Langseth/AppData/Roaming/TinyTeX/texmf-dist/tex/latex/fp/defpat
tern.sty
Package: defpattern 1994/10/12
\actioncount=\count335
)
(c:/Users/Brian.Langseth/AppData/Roaming/TinyTeX/texmf-dist/tex/latex/fp/fp-bas
ic.sty
Package: fp-basic 1996/05/13
\FP@xs=\count336
\FP@xia=\count337
\FP@xib=\count338
\FP@xfa=\count339
\FP@xfb=\count340
\FP@rega=\count341
\FP@regb=\count342
\FP@regs=\count343
\FP@times=\count344
)
(c:/Users/Brian.Langseth/AppData/Roaming/TinyTeX/texmf-dist/tex/latex/fp/fp-add
ons.sty
Package: fp-addons 1995/03/15
)
(c:/Users/Brian.Langseth/AppData/Roaming/TinyTeX/texmf-dist/tex/latex/fp/fp-sna
p.sty
Package: fp-snap 1995/04/05
)
(c:/Users/Brian.Langseth/AppData/Roaming/TinyTeX/texmf-dist/tex/latex/fp/fp-exp
.sty
Package: fp-exp 1995/04/03
)
(c:/Users/Brian.Langseth/AppData/Roaming/TinyTeX/texmf-dist/tex/latex/fp/fp-tri
go.sty
Package: fp-trigo 1995/04/14
)
(c:/Users/Brian.Langseth/AppData/Roaming/TinyTeX/texmf-dist/tex/latex/fp/fp-pas
.sty
Package: fp-pas 1994/08/29
)
(c:/Users/Brian.Langseth/AppData/Roaming/TinyTeX/texmf-dist/tex/latex/fp/fp-ran
dom.sty
Package: fp-random 1995/02/23
\FPseed=\count345
)
(c:/Users/Brian.Langseth/AppData/Roaming/TinyTeX/texmf-dist/tex/latex/fp/fp-eqn
.sty
Package: fp-eqn 1995/04/03
)
(c:/Users/Brian.Langseth/AppData/Roaming/TinyTeX/texmf-dist/tex/latex/fp/fp-upn
.sty
Package: fp-upn 1996/10/21
)
(c:/Users/Brian.Langseth/AppData/Roaming/TinyTeX/texmf-dist/tex/latex/fp/fp-eva
l.sty
Package: fp-eval 1995/04/03
)))
\@dtl@toks=\toks43
\@dtl@tmpcount=\count346
\dtl@tmplength=\skip85
\dtl@sortresult=\count347
\@dtl@numgrpsepcount=\count348
\@dtl@datatype=\count349
\dtl@codeA=\count350
\dtl@codeB=\count351
\@dtl@foreach@level=\count352
)
(c:/Users/Brian.Langseth/AppData/Roaming/TinyTeX/texmf-dist/tex/latex/glossarie
s/base/glossaries-compatible-307.sty
Package: glossaries-compatible-307 2020/03/19 v4.46 (NLCT)
)

Package glossaries Warning: No language module detected for `english'.
(glossaries)                Language modules need to be installed separately.
(glossaries)                Please check on CTAN for a bundle called
(glossaries)                `glossaries-english' or similar.

\gls@level=\count353
\@gls@tmpb=\toks44
\gls@tmplen=\skip86
\glskeylisttok=\toks45
\glslabeltok=\toks46
\glsshorttok=\toks47
\glslongtok=\toks48

(c:/Users/Brian.Langseth/AppData/Roaming/TinyTeX/texmf-dist/tex/latex/glossarie
s/styles/glossary-hypernav.sty
Package: glossary-hypernav 2020/03/19 v4.46 (NLCT)
)
(c:/Users/Brian.Langseth/AppData/Roaming/TinyTeX/texmf-dist/tex/latex/glossarie
s/styles/glossary-list.sty
Package: glossary-list 2020/03/19 v4.46 (NLCT)
\glslistdottedwidth=\skip87
)
(c:/Users/Brian.Langseth/AppData/Roaming/TinyTeX/texmf-dist/tex/latex/glossarie
s/styles/glossary-long.sty
Package: glossary-long 2020/03/19 v4.46 (NLCT)

(c:/Users/Brian.Langseth/AppData/Roaming/TinyTeX/texmf-dist/tex/latex/tools/lon
gtable.sty
Package: longtable 2020/01/07 v4.13 Multi-page Table package (DPC)
\LTleft=\skip88
\LTright=\skip89
\LTpre=\skip90
\LTpost=\skip91
\LTchunksize=\count354
\LTcapwidth=\dimen280
\LT@head=\box70
\LT@firsthead=\box71
\LT@foot=\box72
\LT@lastfoot=\box73
\LT@cols=\count355
\LT@rows=\count356
\c@LT@tables=\count357
\c@LT@chunks=\count358
\LT@p@ftn=\toks49
)
\glsdescwidth=\skip92
\glspagelistwidth=\skip93
)
(c:/Users/Brian.Langseth/AppData/Roaming/TinyTeX/texmf-dist/tex/latex/glossarie
s/styles/glossary-tree.sty
Package: glossary-tree 2020/03/19 v4.46 (NLCT)
\glstreeindent=\skip94
))

! LaTeX Error: Missing \begin{document}.

See the LaTeX manual or LaTeX Companion for explanation.
Type  H <return>  for immediate help.
 ...                                              
                                                  
l.386 -
     add into sty file

Here is how much of LuaTeX's memory you used:
 37743 strings out of 478378
 100000,1144653 words of node,token memory allocated
 600 words of node memory still in use:
   4 hlist, 1 rule, 1 local_par, 1 dir, 1 glue, 3 kern, 2 glyph, 11 attribute, 7
3 glue_spec, 11 attribute_list, 1 temp, 1 if_stack, 3 write, 4 late_lua, 1 pdf_c
olorstack nodes
   avail lists: 1:34,2:18,3:7,5:1,6:8,7:4,8:3,9:1,10:1,11:1,12:1
 56423 multiletter control sequences out of 65536+600000
 24 fonts using 2428499 bytes
 115i,0n,146p,1035b,342s stack positions out of 5000i,500n,10000p,200000b,80000s
!  ==> Fatal error occurred, no output PDF file produced!
