This is LuaHBTeX, Version 1.17.0 (TeX Live 2023)  (format=lualatex 2023.9.14)  15 SEP 2023 14:21
 restricted system commands enabled.
**_main.tex
(./_main.tex
LaTeX2e <2023-06-01> patch level 1
L3 programming layer <2023-08-29>
Lua module: luaotfload 2023-08-31 3.26 Lua based OpenType font support
Lua module: lualibs 2023-07-13 2.76 ConTeXt Lua standard libraries.
Lua module: lualibs-extended 2023-07-13 2.76 ConTeXt Lua libraries -- extended collection.
luaotfload | conf : Root cache directory is "C:/Users/Brian.Langseth/AppData/Roaming/TinyTeX/texmf-var/luatex-cache/generic/names".
luaotfload | init : Loading fontloader "fontloader-2023-08-19.lua" from kpse-resolved path "c:/Users/Brian.Langseth/AppData/Roaming/TinyTeX/texmf-dist/tex/luatex/luaotfload/fontloader-2023-08-19.lua".
Lua-only attribute luaotfload@noligature = 1
luaotfload | init : Context OpenType loader version 3.133
Inserting `luaotfload.node_processor' in `pre_linebreak_filter'.
Inserting `luaotfload.node_processor' in `hpack_filter'.
Inserting `luaotfload.glyph_stream' in `glyph_stream_provider'.
Inserting `luaotfload.define_font' in `define_font'.
Lua-only attribute luaotfload_color_attribute = 2
luaotfload | conf : Root cache directory is "C:/Users/Brian.Langseth/AppData/Roaming/TinyTeX/texmf-var/luatex-cache/generic/names".
Inserting `luaotfload.harf.strip_prefix' in `find_opentype_file'.
Inserting `luaotfload.harf.strip_prefix' in `find_truetype_file'.
Removing  `luaotfload.glyph_stream' from `glyph_stream_provider'.
Inserting `luaotfload.harf.glyphstream' in `glyph_stream_provider'.
Inserting `luaotfload.harf.finalize_vlist' in `post_linebreak_filter'.
Inserting `luaotfload.harf.finalize_hlist' in `hpack_filter'.
Inserting `luaotfload.cleanup_files' in `wrapup_run'.
Inserting `luaotfload.harf.finalize_unicode' in `finish_pdffile'.
Inserting `luaotfload.glyphinfo' in `glyph_info'.
Lua-only attribute luaotfload.letterspace_done = 3
Inserting `luaotfload.aux.set_sscale_dimens' in `luaotfload.patch_font'.
Inserting `luaotfload.aux.set_font_index' in `luaotfload.patch_font'.
Inserting `luaotfload.aux.patch_cambria_domh' in `luaotfload.patch_font'.
Inserting `luaotfload.aux.fixup_fontdata' in `luaotfload.patch_font_unsafe'.
Inserting `luaotfload.aux.set_capheight' in `luaotfload.patch_font'.
Inserting `luaotfload.aux.set_xheight' in `luaotfload.patch_font'.
Inserting `luaotfload.rewrite_fontname' in `luaotfload.patch_font'.
Inserting `tracingstacklevels' in `input_level_string'. (./input_accessability.tex) (c:/Users/Brian.Langseth/AppData/Roaming/TinyTeX/texmf-dist/tex/latex/base/article.cls
Document Class: article 2023/05/17 v1.4n Standard LaTeX document class
(c:/Users/Brian.Langseth/AppData/Roaming/TinyTeX/texmf-dist/tex/latex/base/size11.clo
File: size11.clo 2023/05/17 v1.4n Standard LaTeX file (size option)
luaotfload | db : Font names database loaded from C:/Users/Brian.Langseth/AppData/Roaming/TinyTeX/texmf-var/luatex-cache/generic/names/luaotfload-names.luc.gz)
\c@part=\count183
\c@section=\count184
\c@subsection=\count185
\c@subsubsection=\count186
\c@paragraph=\count187
\c@subparagraph=\count188
\c@figure=\count189
\c@table=\count190
\abovecaptionskip=\skip48
\belowcaptionskip=\skip49
\bibindent=\dimen139
) (./sa4ss.sty
Package: sa4ss 2020/11/10 v0.99 sa4ss package
(c:/Users/Brian.Langseth/AppData/Roaming/TinyTeX/texmf-dist/tex/latex/pgf/frontendlayer/tikz.sty (c:/Users/Brian.Langseth/AppData/Roaming/TinyTeX/texmf-dist/tex/latex/pgf/basiclayer/pgf.sty (c:/Users/Brian.Langseth/AppData/Roaming/TinyTeX/texmf-dist/tex/latex/pgf/utilities/pgfrcs.sty (c:/Users/Brian.Langseth/AppData/Roaming/TinyTeX/texmf-dist/tex/generic/pgf/utilities/pgfutil-common.tex
\pgfutil@everybye=\toks17
\pgfutil@tempdima=\dimen140
\pgfutil@tempdimb=\dimen141
) (c:/Users/Brian.Langseth/AppData/Roaming/TinyTeX/texmf-dist/tex/generic/pgf/utilities/pgfutil-latex.def
\pgfutil@abb=\box51
) (c:/Users/Brian.Langseth/AppData/Roaming/TinyTeX/texmf-dist/tex/generic/pgf/utilities/pgfrcs.code.tex (c:/Users/Brian.Langseth/AppData/Roaming/TinyTeX/texmf-dist/tex/generic/pgf/pgf.revision.tex)
Package: pgfrcs 2023-01-15 v3.1.10 (3.1.10)
))
Package: pgf 2023-01-15 v3.1.10 (3.1.10)
(c:/Users/Brian.Langseth/AppData/Roaming/TinyTeX/texmf-dist/tex/latex/pgf/basiclayer/pgfcore.sty (c:/Users/Brian.Langseth/AppData/Roaming/TinyTeX/texmf-dist/tex/latex/graphics/graphicx.sty
Package: graphicx 2021/09/16 v1.2d Enhanced LaTeX Graphics (DPC,SPQR)
(c:/Users/Brian.Langseth/AppData/Roaming/TinyTeX/texmf-dist/tex/latex/graphics/keyval.sty
Package: keyval 2022/05/29 v1.15 key=value parser (DPC)
\KV@toks@=\toks18
) (c:/Users/Brian.Langseth/AppData/Roaming/TinyTeX/texmf-dist/tex/latex/graphics/graphics.sty
Package: graphics 2022/03/10 v1.4e Standard LaTeX Graphics (DPC,SPQR)
(c:/Users/Brian.Langseth/AppData/Roaming/TinyTeX/texmf-dist/tex/latex/graphics/trig.sty
Package: trig 2021/08/11 v1.11 sin cos tan (DPC)
) (c:/Users/Brian.Langseth/AppData/Roaming/TinyTeX/texmf-dist/tex/latex/graphics-cfg/graphics.cfg
File: graphics.cfg 2016/06/04 v1.11 sample graphics configuration
)
Package graphics Info: Driver file: luatex.def on input line 107.
(c:/Users/Brian.Langseth/AppData/Roaming/TinyTeX/texmf-dist/tex/latex/graphics-def/luatex.def
File: luatex.def 2022/09/22 v1.2d Graphics/color driver for luatex
))
\Gin@req@height=\dimen142
\Gin@req@width=\dimen143
) (c:/Users/Brian.Langseth/AppData/Roaming/TinyTeX/texmf-dist/tex/latex/pgf/systemlayer/pgfsys.sty (c:/Users/Brian.Langseth/AppData/Roaming/TinyTeX/texmf-dist/tex/generic/pgf/systemlayer/pgfsys.code.tex
Package: pgfsys 2023-01-15 v3.1.10 (3.1.10)
(c:/Users/Brian.Langseth/AppData/Roaming/TinyTeX/texmf-dist/tex/generic/pgf/utilities/pgfkeys.code.tex
\pgfkeys@pathtoks=\toks19
\pgfkeys@temptoks=\toks20
(c:/Users/Brian.Langseth/AppData/Roaming/TinyTeX/texmf-dist/tex/generic/pgf/utilities/pgfkeyslibraryfiltered.code.tex
\pgfkeys@tmptoks=\toks21
))
\pgf@x=\dimen144
\pgf@y=\dimen145
\pgf@xa=\dimen146
\pgf@ya=\dimen147
\pgf@xb=\dimen148
\pgf@yb=\dimen149
\pgf@xc=\dimen150
\pgf@yc=\dimen151
\pgf@xd=\dimen152
\pgf@yd=\dimen153
\w@pgf@writea=\write3
\r@pgf@reada=\read2
\c@pgf@counta=\count191
\c@pgf@countb=\count192
\c@pgf@countc=\count193
\c@pgf@countd=\count194
\t@pgf@toka=\toks22
\t@pgf@tokb=\toks23
\t@pgf@tokc=\toks24
\pgf@sys@id@count=\count195
(c:/Users/Brian.Langseth/AppData/Roaming/TinyTeX/texmf-dist/tex/generic/pgf/systemlayer/pgf.cfg
File: pgf.cfg 2023-01-15 v3.1.10 (3.1.10)
)
Driver file for pgf: pgfsys-luatex.def
(c:/Users/Brian.Langseth/AppData/Roaming/TinyTeX/texmf-dist/tex/generic/pgf/systemlayer/pgfsys-luatex.def
File: pgfsys-luatex.def 2023-01-15 v3.1.10 (3.1.10)
(c:/Users/Brian.Langseth/AppData/Roaming/TinyTeX/texmf-dist/tex/generic/pgf/systemlayer/pgfsys-common-pdf.def
File: pgfsys-common-pdf.def 2023-01-15 v3.1.10 (3.1.10)
))) (c:/Users/Brian.Langseth/AppData/Roaming/TinyTeX/texmf-dist/tex/generic/pgf/systemlayer/pgfsyssoftpath.code.tex
File: pgfsyssoftpath.code.tex 2023-01-15 v3.1.10 (3.1.10)
\pgfsyssoftpath@smallbuffer@items=\count196
\pgfsyssoftpath@bigbuffer@items=\count197
) (c:/Users/Brian.Langseth/AppData/Roaming/TinyTeX/texmf-dist/tex/generic/pgf/systemlayer/pgfsysprotocol.code.tex
File: pgfsysprotocol.code.tex 2023-01-15 v3.1.10 (3.1.10)
)) (c:/Users/Brian.Langseth/AppData/Roaming/TinyTeX/texmf-dist/tex/latex/xcolor/xcolor.sty
Package: xcolor 2022/06/12 v2.14 LaTeX color extensions (UK)
(c:/Users/Brian.Langseth/AppData/Roaming/TinyTeX/texmf-dist/tex/latex/graphics-cfg/color.cfg
File: color.cfg 2016/01/02 v1.6 sample color configuration
)
Package xcolor Info: Driver file: luatex.def on input line 227.
(c:/Users/Brian.Langseth/AppData/Roaming/TinyTeX/texmf-dist/tex/latex/graphics/mathcolor.ltx)
Package xcolor Info: Model `cmy' substituted by `cmy0' on input line 1353.
Package xcolor Info: Model `hsb' substituted by `rgb' on input line 1357.
Package xcolor Info: Model `RGB' extended on input line 1369.
Package xcolor Info: Model `HTML' substituted by `rgb' on input line 1371.
Package xcolor Info: Model `Hsb' substituted by `hsb' on input line 1372.
Package xcolor Info: Model `tHsb' substituted by `hsb' on input line 1373.
Package xcolor Info: Model `HSB' substituted by `hsb' on input line 1374.
Package xcolor Info: Model `Gray' substituted by `gray' on input line 1375.
Package xcolor Info: Model `wave' substituted by `hsb' on input line 1376.
) (c:/Users/Brian.Langseth/AppData/Roaming/TinyTeX/texmf-dist/tex/generic/pgf/basiclayer/pgfcore.code.tex
Package: pgfcore 2023-01-15 v3.1.10 (3.1.10)
(c:/Users/Brian.Langseth/AppData/Roaming/TinyTeX/texmf-dist/tex/generic/pgf/math/pgfmath.code.tex (c:/Users/Brian.Langseth/AppData/Roaming/TinyTeX/texmf-dist/tex/generic/pgf/math/pgfmathutil.code.tex) (c:/Users/Brian.Langseth/AppData/Roaming/TinyTeX/texmf-dist/tex/generic/pgf/math/pgfmathparser.code.tex
\pgfmath@dimen=\dimen154
\pgfmath@count=\count198
\pgfmath@box=\box52
\pgfmath@toks=\toks25
\pgfmath@stack@operand=\toks26
\pgfmath@stack@operation=\toks27
) (c:/Users/Brian.Langseth/AppData/Roaming/TinyTeX/texmf-dist/tex/generic/pgf/math/pgfmathfunctions.code.tex) (c:/Users/Brian.Langseth/AppData/Roaming/TinyTeX/texmf-dist/tex/generic/pgf/math/pgfmathfunctions.basic.code.tex) (c:/Users/Brian.Langseth/AppData/Roaming/TinyTeX/texmf-dist/tex/generic/pgf/math/pgfmathfunctions.trigonometric.code.tex) (c:/Users/Brian.Langseth/AppData/Roaming/TinyTeX/texmf-dist/tex/generic/pgf/math/pgfmathfunctions.random.code.tex) (c:/Users/Brian.Langseth/AppData/Roaming/TinyTeX/texmf-dist/tex/generic/pgf/math/pgfmathfunctions.comparison.code.tex) (c:/Users/Brian.Langseth/AppData/Roaming/TinyTeX/texmf-dist/tex/generic/pgf/math/pgfmathfunctions.base.code.tex) (c:/Users/Brian.Langseth/AppData/Roaming/TinyTeX/texmf-dist/tex/generic/pgf/math/pgfmathfunctions.round.code.tex) (c:/Users/Brian.Langseth/AppData/Roaming/TinyTeX/texmf-dist/tex/generic/pgf/math/pgfmathfunctions.misc.code.tex) (c:/Users/Brian.Langseth/AppData/Roaming/TinyTeX/texmf-dist/tex/generic/pgf/math/pgfmathfunctions.integerarithmetics.code.tex) (c:/Users/Brian.Langseth/AppData/Roaming/TinyTeX/texmf-dist/tex/generic/pgf/math/pgfmathcalc.code.tex) (c:/Users/Brian.Langseth/AppData/Roaming/TinyTeX/texmf-dist/tex/generic/pgf/math/pgfmathfloat.code.tex
\c@pgfmathroundto@lastzeros=\count199
)) (c:/Users/Brian.Langseth/AppData/Roaming/TinyTeX/texmf-dist/tex/generic/pgf/math/pgfint.code.tex) (c:/Users/Brian.Langseth/AppData/Roaming/TinyTeX/texmf-dist/tex/generic/pgf/basiclayer/pgfcorepoints.code.tex
File: pgfcorepoints.code.tex 2023-01-15 v3.1.10 (3.1.10)
\pgf@picminx=\dimen155
\pgf@picmaxx=\dimen156
\pgf@picminy=\dimen157
\pgf@picmaxy=\dimen158
\pgf@pathminx=\dimen159
\pgf@pathmaxx=\dimen160
\pgf@pathminy=\dimen161
\pgf@pathmaxy=\dimen162
\pgf@xx=\dimen163
\pgf@xy=\dimen164
\pgf@yx=\dimen165
\pgf@yy=\dimen166
\pgf@zx=\dimen167
\pgf@zy=\dimen168
) (c:/Users/Brian.Langseth/AppData/Roaming/TinyTeX/texmf-dist/tex/generic/pgf/basiclayer/pgfcorepathconstruct.code.tex
File: pgfcorepathconstruct.code.tex 2023-01-15 v3.1.10 (3.1.10)
\pgf@path@lastx=\dimen169
\pgf@path@lasty=\dimen170
) (c:/Users/Brian.Langseth/AppData/Roaming/TinyTeX/texmf-dist/tex/generic/pgf/basiclayer/pgfcorepathusage.code.tex
File: pgfcorepathusage.code.tex 2023-01-15 v3.1.10 (3.1.10)
\pgf@shorten@end@additional=\dimen171
\pgf@shorten@start@additional=\dimen172
) (c:/Users/Brian.Langseth/AppData/Roaming/TinyTeX/texmf-dist/tex/generic/pgf/basiclayer/pgfcorescopes.code.tex
File: pgfcorescopes.code.tex 2023-01-15 v3.1.10 (3.1.10)
\pgfpic=\box53
\pgf@hbox=\box54
\pgf@layerbox@main=\box55
\pgf@picture@serial@count=\count266
) (c:/Users/Brian.Langseth/AppData/Roaming/TinyTeX/texmf-dist/tex/generic/pgf/basiclayer/pgfcoregraphicstate.code.tex
File: pgfcoregraphicstate.code.tex 2023-01-15 v3.1.10 (3.1.10)
\pgflinewidth=\dimen173
) (c:/Users/Brian.Langseth/AppData/Roaming/TinyTeX/texmf-dist/tex/generic/pgf/basiclayer/pgfcoretransformations.code.tex
File: pgfcoretransformations.code.tex 2023-01-15 v3.1.10 (3.1.10)
\pgf@pt@x=\dimen174
\pgf@pt@y=\dimen175
\pgf@pt@temp=\dimen176
) (c:/Users/Brian.Langseth/AppData/Roaming/TinyTeX/texmf-dist/tex/generic/pgf/basiclayer/pgfcorequick.code.tex
File: pgfcorequick.code.tex 2023-01-15 v3.1.10 (3.1.10)
) (c:/Users/Brian.Langseth/AppData/Roaming/TinyTeX/texmf-dist/tex/generic/pgf/basiclayer/pgfcoreobjects.code.tex
File: pgfcoreobjects.code.tex 2023-01-15 v3.1.10 (3.1.10)
) (c:/Users/Brian.Langseth/AppData/Roaming/TinyTeX/texmf-dist/tex/generic/pgf/basiclayer/pgfcorepathprocessing.code.tex
File: pgfcorepathprocessing.code.tex 2023-01-15 v3.1.10 (3.1.10)
) (c:/Users/Brian.Langseth/AppData/Roaming/TinyTeX/texmf-dist/tex/generic/pgf/basiclayer/pgfcorearrows.code.tex
File: pgfcorearrows.code.tex 2023-01-15 v3.1.10 (3.1.10)
\pgfarrowsep=\dimen177
) (c:/Users/Brian.Langseth/AppData/Roaming/TinyTeX/texmf-dist/tex/generic/pgf/basiclayer/pgfcoreshade.code.tex
File: pgfcoreshade.code.tex 2023-01-15 v3.1.10 (3.1.10)
\pgf@max=\dimen178
\pgf@sys@shading@range@num=\count267
\pgf@shadingcount=\count268
) (c:/Users/Brian.Langseth/AppData/Roaming/TinyTeX/texmf-dist/tex/generic/pgf/basiclayer/pgfcoreimage.code.tex
File: pgfcoreimage.code.tex 2023-01-15 v3.1.10 (3.1.10)
) (c:/Users/Brian.Langseth/AppData/Roaming/TinyTeX/texmf-dist/tex/generic/pgf/basiclayer/pgfcoreexternal.code.tex
File: pgfcoreexternal.code.tex 2023-01-15 v3.1.10 (3.1.10)
\pgfexternal@startupbox=\box56
) (c:/Users/Brian.Langseth/AppData/Roaming/TinyTeX/texmf-dist/tex/generic/pgf/basiclayer/pgfcorelayers.code.tex
File: pgfcorelayers.code.tex 2023-01-15 v3.1.10 (3.1.10)
) (c:/Users/Brian.Langseth/AppData/Roaming/TinyTeX/texmf-dist/tex/generic/pgf/basiclayer/pgfcoretransparency.code.tex
File: pgfcoretransparency.code.tex 2023-01-15 v3.1.10 (3.1.10)
) (c:/Users/Brian.Langseth/AppData/Roaming/TinyTeX/texmf-dist/tex/generic/pgf/basiclayer/pgfcorepatterns.code.tex
File: pgfcorepatterns.code.tex 2023-01-15 v3.1.10 (3.1.10)
) (c:/Users/Brian.Langseth/AppData/Roaming/TinyTeX/texmf-dist/tex/generic/pgf/basiclayer/pgfcorerdf.code.tex
File: pgfcorerdf.code.tex 2023-01-15 v3.1.10 (3.1.10)
))) (c:/Users/Brian.Langseth/AppData/Roaming/TinyTeX/texmf-dist/tex/generic/pgf/modules/pgfmoduleshapes.code.tex
File: pgfmoduleshapes.code.tex 2023-01-15 v3.1.10 (3.1.10)
\pgfnodeparttextbox=\box57
) (c:/Users/Brian.Langseth/AppData/Roaming/TinyTeX/texmf-dist/tex/generic/pgf/modules/pgfmoduleplot.code.tex
File: pgfmoduleplot.code.tex 2023-01-15 v3.1.10 (3.1.10)
) (c:/Users/Brian.Langseth/AppData/Roaming/TinyTeX/texmf-dist/tex/latex/pgf/compatibility/pgfcomp-version-0-65.sty
Package: pgfcomp-version-0-65 2023-01-15 v3.1.10 (3.1.10)
\pgf@nodesepstart=\dimen179
\pgf@nodesepend=\dimen180
) (c:/Users/Brian.Langseth/AppData/Roaming/TinyTeX/texmf-dist/tex/latex/pgf/compatibility/pgfcomp-version-1-18.sty
Package: pgfcomp-version-1-18 2023-01-15 v3.1.10 (3.1.10)
)) (c:/Users/Brian.Langseth/AppData/Roaming/TinyTeX/texmf-dist/tex/latex/pgf/utilities/pgffor.sty (c:/Users/Brian.Langseth/AppData/Roaming/TinyTeX/texmf-dist/tex/latex/pgf/utilities/pgfkeys.sty (c:/Users/Brian.Langseth/AppData/Roaming/TinyTeX/texmf-dist/tex/generic/pgf/utilities/pgfkeys.code.tex)) (c:/Users/Brian.Langseth/AppData/Roaming/TinyTeX/texmf-dist/tex/latex/pgf/math/pgfmath.sty (c:/Users/Brian.Langseth/AppData/Roaming/TinyTeX/texmf-dist/tex/generic/pgf/math/pgfmath.code.tex)) (c:/Users/Brian.Langseth/AppData/Roaming/TinyTeX/texmf-dist/tex/generic/pgf/utilities/pgffor.code.tex
Package: pgffor 2023-01-15 v3.1.10 (3.1.10)
\pgffor@iter=\dimen181
\pgffor@skip=\dimen182
\pgffor@stack=\toks28
\pgffor@toks=\toks29
)) (c:/Users/Brian.Langseth/AppData/Roaming/TinyTeX/texmf-dist/tex/generic/pgf/frontendlayer/tikz/tikz.code.tex
Package: tikz 2023-01-15 v3.1.10 (3.1.10)
(c:/Users/Brian.Langseth/AppData/Roaming/TinyTeX/texmf-dist/tex/generic/pgf/libraries/pgflibraryplothandlers.code.tex
File: pgflibraryplothandlers.code.tex 2023-01-15 v3.1.10 (3.1.10)
\pgf@plot@mark@count=\count269
\pgfplotmarksize=\dimen183
)
\tikz@lastx=\dimen184
\tikz@lasty=\dimen185
\tikz@lastxsaved=\dimen186
\tikz@lastysaved=\dimen187
\tikz@lastmovetox=\dimen188
\tikz@lastmovetoy=\dimen189
\tikzleveldistance=\dimen190
\tikzsiblingdistance=\dimen191
\tikz@figbox=\box58
\tikz@figbox@bg=\box59
\tikz@tempbox=\box60
\tikz@tempbox@bg=\box61
\tikztreelevel=\count270
\tikznumberofchildren=\count271
\tikznumberofcurrentchild=\count272
\tikz@fig@count=\count273
(c:/Users/Brian.Langseth/AppData/Roaming/TinyTeX/texmf-dist/tex/generic/pgf/modules/pgfmodulematrix.code.tex
File: pgfmodulematrix.code.tex 2023-01-15 v3.1.10 (3.1.10)
\pgfmatrixcurrentrow=\count274
\pgfmatrixcurrentcolumn=\count275
\pgf@matrix@numberofcolumns=\count276
)
\tikz@expandcount=\count277
(c:/Users/Brian.Langseth/AppData/Roaming/TinyTeX/texmf-dist/tex/generic/pgf/frontendlayer/tikz/libraries/tikzlibrarytopaths.code.tex
File: tikzlibrarytopaths.code.tex 2023-01-15 v3.1.10 (3.1.10)
))) (c:/Users/Brian.Langseth/AppData/Roaming/TinyTeX/texmf-dist/tex/latex/geometry/geometry.sty
Package: geometry 2020/01/02 v5.9 Page Geometry
(c:/Users/Brian.Langseth/AppData/Roaming/TinyTeX/texmf-dist/tex/generic/iftex/ifvtex.sty
Package: ifvtex 2019/10/25 v1.7 ifvtex legacy package. Use iftex instead.
(c:/Users/Brian.Langseth/AppData/Roaming/TinyTeX/texmf-dist/tex/generic/iftex/iftex.sty
Package: iftex 2022/02/03 v1.0f TeX engine tests
))
\Gm@cnth=\count278
\Gm@cntv=\count279
\c@Gm@tempcnt=\count280
\Gm@bindingoffset=\dimen192
\Gm@wd@mp=\dimen193
\Gm@odd@mp=\dimen194
\Gm@even@mp=\dimen195
\Gm@layoutwidth=\dimen196
\Gm@layoutheight=\dimen197
\Gm@layouthoffset=\dimen198
\Gm@layoutvoffset=\dimen199
\Gm@dimlist=\toks30
) (c:/Users/Brian.Langseth/AppData/Roaming/TinyTeX/texmf-dist/tex/latex/lastpage/lastpage.sty
Package: lastpage 2023/07/24 v2.0c lastpage: 2.09 or 2e? (HMM)
(c:/Users/Brian.Langseth/AppData/Roaming/TinyTeX/texmf-dist/tex/latex/lastpage/lastpage2e.sty
Package: lastpage2e 2023/07/24 v2.0c Decide which 2e lastpage version to use (HMM)
(c:/Users/Brian.Langseth/AppData/Roaming/TinyTeX/texmf-dist/tex/latex/lastpage/lastpagemodern.sty
Package: lastpagemodern 2023-07-24 v2.0c Refers to last page's name (HMM; JPG)
) 
)) (c:/Users/Brian.Langseth/AppData/Roaming/TinyTeX/texmf-dist/tex/latex/fancyhdr/fancyhdr.sty
Package: fancyhdr 2022/11/09 v4.1 Extensive control of page headers and footers
\f@nch@headwidth=\skip50
\f@nch@O@elh=\skip51
\f@nch@O@erh=\skip52
\f@nch@O@olh=\skip53
\f@nch@O@orh=\skip54
\f@nch@O@elf=\skip55
\f@nch@O@erf=\skip56
\f@nch@O@olf=\skip57
\f@nch@O@orf=\skip58
) (c:/Users/Brian.Langseth/AppData/Roaming/TinyTeX/texmf-dist/tex/latex/hanging/hanging.sty
Package: hanging 2009/09/02 v1.2b hanging paragraphs and punctuation
\h@ngcommawd=\skip59
\h@ngfstopwd=\skip60
\h@ngquotewd=\skip61
\h@ngdquotewd=\skip62
\h@ngquerywd=\skip63
\h@ngexclwd=\skip64
\h@ngcolonwd=\skip65
\h@ngscolonwd=\skip66
) (c:/Users/Brian.Langseth/AppData/Roaming/TinyTeX/texmf-dist/tex/latex/pdflscape/pdflscape.sty
Package: pdflscape 2022-10-27 v0.13 Display of landscape pages in PDF
(c:/Users/Brian.Langseth/AppData/Roaming/TinyTeX/texmf-dist/tex/latex/pdflscape/pdflscape-nometadata.sty
Package: pdflscape-nometadata 2022-10-28 v0.13 Display of landscape pages in PDF (HO)
(c:/Users/Brian.Langseth/AppData/Roaming/TinyTeX/texmf-dist/tex/latex/graphics/lscape.sty
Package: lscape 2020/05/28 v3.02 Landscape Pages (DPC)
)
Package pdflscape Info: Auto-detected driver: pdftex on input line 81.
)) (c:/Users/Brian.Langseth/AppData/Roaming/TinyTeX/texmf-dist/tex/latex/setspace/setspace.sty
Package: setspace 2022/12/04 v6.7b set line spacing
) (c:/Users/Brian.Langseth/AppData/Roaming/TinyTeX/texmf-dist/tex/latex/float/float.sty
Package: float 2001/11/08 v1.3d Float enhancements (AL)
\c@float@type=\count281
\float@exts=\toks31
\float@box=\box62
\@float@everytoks=\toks32
\@floatcapt=\box63
) (c:/Users/Brian.Langseth/AppData/Roaming/TinyTeX/texmf-dist/tex/latex/url/url.sty
\Urlmuskip=\muskip16
Package: url 2013/09/16  ver 3.4  Verb mode for urls, etc.
) (c:/Users/Brian.Langseth/AppData/Roaming/TinyTeX/texmf-dist/tex/latex/datetime2/datetime2.sty
Package: datetime2 2021/03/21 v1.5.7 (NLCT) date and time formats
(c:/Users/Brian.Langseth/AppData/Roaming/TinyTeX/texmf-dist/tex/latex/tracklang/tracklang.sty
Package: tracklang 2022/12/13 v1.6.1 (NLCT) Track Languages
(c:/Users/Brian.Langseth/AppData/Roaming/TinyTeX/texmf-dist/tex/generic/tracklang/tracklang.tex)) (c:/Users/Brian.Langseth/AppData/Roaming/TinyTeX/texmf-dist/tex/latex/etoolbox/etoolbox.sty
Package: etoolbox 2020/10/05 v2.5k e-TeX tools for LaTeX (JAW)
\etb@tempcnta=\count282
) (c:/Users/Brian.Langseth/AppData/Roaming/TinyTeX/texmf-dist/tex/latex/xkeyval/xkeyval.sty
Package: xkeyval 2022/06/16 v2.9 package option processing (HA)
(c:/Users/Brian.Langseth/AppData/Roaming/TinyTeX/texmf-dist/tex/generic/xkeyval/xkeyval.tex (c:/Users/Brian.Langseth/AppData/Roaming/TinyTeX/texmf-dist/tex/generic/xkeyval/xkvutils.tex
\XKV@toks=\toks33
\XKV@tempa@toks=\toks34
)
\XKV@depth=\count283
File: xkeyval.tex 2014/12/03 v2.7a key=value parser (HA)
)) (c:/Users/Brian.Langseth/AppData/Roaming/TinyTeX/texmf-dist/tex/latex/datetime2-english/datetime2-english.ldf
File: datetime2-english.ldf 2019/10/21 v1.05 (NLCT)
(c:/Users/Brian.Langseth/AppData/Roaming/TinyTeX/texmf-dist/tex/latex/datetime2-english/datetime2-english-base.ldf
File: datetime2-english-base.ldf 2019/10/21 v1.05 (NLCT)
))) (c:/Users/Brian.Langseth/AppData/Roaming/TinyTeX/texmf-dist/tex/latex/natbib/natbib.sty
Package: natbib 2010/09/13 8.31b (PWD, AO)
\bibhang=\skip67
\bibsep=\skip68
LaTeX Info: Redefining \cite on input line 694.
\c@NAT@ctr=\count284
) (c:/Users/Brian.Langseth/AppData/Roaming/TinyTeX/texmf-dist/tex/latex/fancyvrb/fancyvrb.sty
Package: fancyvrb 2023/01/19 4.5a verbatim text (tvz,hv)
\FV@CodeLineNo=\count285
\FV@InFile=\read3
\FV@TabBox=\box64
\c@FancyVerbLine=\count286
\FV@StepNumber=\count287
\FV@OutFile=\write4
) (c:/Users/Brian.Langseth/AppData/Roaming/TinyTeX/texmf-dist/tex/latex/base/alltt.sty
Package: alltt 2021/01/29 v2.0g defines alltt environment
) (c:/Users/Brian.Langseth/AppData/Roaming/TinyTeX/texmf-dist/tex/latex/amsfonts/amsfonts.sty
Package: amsfonts 2013/01/14 v3.01 Basic AMSFonts support
\@emptytoks=\toks35
\symAMSa=\mathgroup4
\symAMSb=\mathgroup5
LaTeX Font Info:    Redeclaring math symbol \hbar on input line 98.
LaTeX Font Info:    Overwriting math alphabet `\mathfrak' in version `bold'
(Font)                  U/euf/m/n --> U/euf/b/n on input line 106.
) (c:/Users/Brian.Langseth/AppData/Roaming/TinyTeX/texmf-dist/tex/latex/caption/caption.sty
Package: caption 2023/07/31 v3.6n Customizing captions (AR)
(c:/Users/Brian.Langseth/AppData/Roaming/TinyTeX/texmf-dist/tex/latex/caption/caption3.sty
Package: caption3 2023/07/31 v2.4d caption3 kernel (AR)
\caption@tempdima=\dimen256
\captionmargin=\dimen257
\caption@leftmargin=\dimen258
\caption@rightmargin=\dimen259
\caption@width=\dimen260
\caption@indent=\dimen261
\caption@parindent=\dimen262
\caption@hangindent=\dimen263
Package caption Info: Standard document class detected.
)
\c@caption@flags=\count288
\c@continuedfloat=\count289
Package caption Info: float package is loaded.
) (c:/Users/Brian.Langseth/AppData/Roaming/TinyTeX/texmf-dist/tex/latex/environ/environ.sty
Package: environ 2014/05/04 v0.3 A new way to define environments
(c:/Users/Brian.Langseth/AppData/Roaming/TinyTeX/texmf-dist/tex/latex/trimspaces/trimspaces.sty
Package: trimspaces 2009/09/17 v1.1 Trim spaces around a token list
)
\@envbody=\toks36
) (c:/Users/Brian.Langseth/AppData/Roaming/TinyTeX/texmf-dist/tex/latex/accsupp/accsupp.sty
Package: accsupp 2019/12/05 v0.6 Accessibility support by marked content (HO)
(c:/Users/Brian.Langseth/AppData/Roaming/TinyTeX/texmf-dist/tex/generic/pdfescape/pdfescape.sty
Package: pdfescape 2019/12/09 v1.15 Implements pdfTeX's escape features (HO)
(c:/Users/Brian.Langseth/AppData/Roaming/TinyTeX/texmf-dist/tex/generic/ltxcmds/ltxcmds.sty
Package: ltxcmds 2020-05-10 v1.25 LaTeX kernel commands for general use (HO)
) (c:/Users/Brian.Langseth/AppData/Roaming/TinyTeX/texmf-dist/tex/generic/pdftexcmds/pdftexcmds.sty
Package: pdftexcmds 2020-06-27 v0.33 Utility functions of pdfTeX for LuaTeX (HO)
(c:/Users/Brian.Langseth/AppData/Roaming/TinyTeX/texmf-dist/tex/generic/infwarerr/infwarerr.sty
Package: infwarerr 2019/12/03 v1.5 Providing info/warning/error messages (HO)
)
Package pdftexcmds Info: \pdf@primitive is available.
Package pdftexcmds Info: \pdf@ifprimitive is available.
Package pdftexcmds Info: \pdfdraftmode found.
\pdftexcmds@toks=\toks37
)) (c:/Users/Brian.Langseth/AppData/Roaming/TinyTeX/texmf-dist/tex/latex/kvoptions/kvoptions.sty
Package: kvoptions 2022-06-15 v3.15 Key value format for package options (HO)
(c:/Users/Brian.Langseth/AppData/Roaming/TinyTeX/texmf-dist/tex/latex/kvsetkeys/kvsetkeys.sty
Package: kvsetkeys 2022-10-05 v1.19 Key value parser (HO)
)) (c:/Users/Brian.Langseth/AppData/Roaming/TinyTeX/texmf-dist/tex/latex/accsupp/accsupp-luatex.def
File: accsupp-luatex.def 2019/12/05 v0.6 accsupp driver for pdfTeX (HO)
)) (c:/Users/Brian.Langseth/AppData/Roaming/TinyTeX/texmf-dist/tex/latex/pdfcomment/pdfcomment.sty
Package: pdfcomment 2018/11/01 pdfcomment.sty v2.4a - Josef Kleber (C) 2008-2012, 2015-2016, 2018
\c@pc@count@i=\count290
\c@pc@count@ii=\count291
\c@pc@count@iii=\count292
\c@pc@count@iv=\count293
\pc@mathannot@box=\box65
\pc@nullbox=\box66
\pc@dima=\skip69
\pc@dimb=\skip70
\pc@Sposx=\skip71
\pc@Sposy=\skip72
\pc@Eposx=\skip73
\pc@Eposy=\skip74
\pc@column=\skip75
\pc@box@width=\skip76
\pc@box@height=\skip77
\pc@box@depth=\skip78
(c:/Users/Brian.Langseth/AppData/Roaming/TinyTeX/texmf-dist/tex/generic/luatex85/luatex85.sty
Package: luatex85 2016/06/15 v1.4 pdftex aliases for luatex
) (c:/Users/Brian.Langseth/AppData/Roaming/TinyTeX/texmf-dist/tex/latex/zref/zref-savepos.sty
Package: zref-savepos 2022-04-07 v2.34 Module savepos for zref (HO)
(c:/Users/Brian.Langseth/AppData/Roaming/TinyTeX/texmf-dist/tex/latex/zref/zref-base.sty
Package: zref-base 2022-04-07 v2.34 Module base for zref (HO)
(c:/Users/Brian.Langseth/AppData/Roaming/TinyTeX/texmf-dist/tex/generic/kvdefinekeys/kvdefinekeys.sty
Package: kvdefinekeys 2019-12-19 v1.6 Define keys (HO)
) (c:/Users/Brian.Langseth/AppData/Roaming/TinyTeX/texmf-dist/tex/generic/etexcmds/etexcmds.sty
Package: etexcmds 2019/12/15 v1.7 Avoid name clashes with e-TeX commands (HO)
) (c:/Users/Brian.Langseth/AppData/Roaming/TinyTeX/texmf-dist/tex/latex/auxhook/auxhook.sty
Package: auxhook 2019-12-17 v1.6 Hooks for auxiliary files (HO)
)
Package zref Info: New property list: main on input line 767.
Package zref Info: New property: default on input line 768.
Package zref Info: New property: page on input line 769.
)
Package zref Info: New property list: savepos on input line 79.
Package zref Info: New property: posx on input line 84.
Package zref Info: New property: posy on input line 85.
)
\c@zref@unique=\count294
(c:/Users/Brian.Langseth/AppData/Roaming/TinyTeX/texmf-dist/tex/latex/refcount/refcount.sty
Package: refcount 2019/12/15 v3.6 Data extraction from label references (HO)
) (c:/Users/Brian.Langseth/AppData/Roaming/TinyTeX/texmf-dist/tex/latex/base/ifthen.sty
Package: ifthen 2022/04/13 v1.1d Standard LaTeX ifthen package (DPC)
) (c:/Users/Brian.Langseth/AppData/Roaming/TinyTeX/texmf-dist/tex/latex/tools/calc.sty
Package: calc 2017/05/25 v4.3 Infix arithmetic (KKT,FJ)
\calc@Acount=\count295
\calc@Bcount=\count296
\calc@Adimen=\dimen264
\calc@Bdimen=\dimen265
\calc@Askip=\skip79
\calc@Bskip=\skip80
LaTeX Info: Redefining \setlength on input line 80.
LaTeX Info: Redefining \addtolength on input line 81.
\calc@Ccount=\count297
\calc@Cskip=\skip81
) (c:/Users/Brian.Langseth/AppData/Roaming/TinyTeX/texmf-dist/tex/latex/marginnote/marginnote.sty
Package: marginnote 2018/08/09 1.4b non floating margin notes for LaTeX
\c@mn@abspage=\count298
) (c:/Users/Brian.Langseth/AppData/Roaming/TinyTeX/texmf-dist/tex/generic/iftex/ifpdf.sty
Package: ifpdf 2019/10/25 v3.4 ifpdf legacy package. Use iftex instead.
) (c:/Users/Brian.Langseth/AppData/Roaming/TinyTeX/texmf-dist/tex/generic/iftex/ifluatex.sty
Package: ifluatex 2019/10/25 v1.5 ifluatex legacy package. Use iftex instead.
) (c:/Users/Brian.Langseth/AppData/Roaming/TinyTeX/texmf-dist/tex/latex/soulpos/soulpos.sty
Package: soulpos 2021/10/15 v1.2 Fancy underlining
\ulp@subcnt=\count299
\ulp@cnt=\count300
\ulp@out=\write5
\ulp@in=\read4
\ulwidth=\dimen266
) (c:/Users/Brian.Langseth/AppData/Roaming/TinyTeX/texmf-dist/tex/latex/hyperref/hyperref.sty
Package: hyperref 2023-07-08 v7.01b Hypertext links for LaTeX
(c:/Users/Brian.Langseth/AppData/Roaming/TinyTeX/texmf-dist/tex/latex/hycolor/hycolor.sty
Package: hycolor 2020-01-27 v1.10 Color options for hyperref/bookmark (HO)
) (c:/Users/Brian.Langseth/AppData/Roaming/TinyTeX/texmf-dist/tex/latex/letltxmacro/letltxmacro.sty
Package: letltxmacro 2019/12/03 v1.6 Let assignment for LaTeX macros (HO)
) (c:/Users/Brian.Langseth/AppData/Roaming/TinyTeX/texmf-dist/tex/latex/hyperref/nameref.sty
Package: nameref 2023-08-07 v2.53 Cross-referencing by name of section
(c:/Users/Brian.Langseth/AppData/Roaming/TinyTeX/texmf-dist/tex/generic/gettitlestring/gettitlestring.sty
Package: gettitlestring 2019/12/15 v1.6 Cleanup title references (HO)
)
\c@section@level=\count301
)
\@linkdim=\dimen267
\Hy@linkcounter=\count302
\Hy@pagecounter=\count303
(c:/Users/Brian.Langseth/AppData/Roaming/TinyTeX/texmf-dist/tex/latex/hyperref/pd1enc.def
File: pd1enc.def 2023-07-08 v7.01b Hyperref: PDFDocEncoding definition (HO)
) (c:/Users/Brian.Langseth/AppData/Roaming/TinyTeX/texmf-dist/tex/generic/intcalc/intcalc.sty
Package: intcalc 2019/12/15 v1.3 Expandable calculations with integers (HO)
)
\Hy@SavedSpaceFactor=\count304
(c:/Users/Brian.Langseth/AppData/Roaming/TinyTeX/texmf-dist/tex/latex/hyperref/puenc.def
File: puenc.def 2023-07-08 v7.01b Hyperref: PDF Unicode definition (HO)
)
\pdfmajorversion=\count305
Package hyperref Info: Option `unicode' set `true' on input line 4050.
(c:/Users/Brian.Langseth/AppData/Roaming/TinyTeX/texmf-dist/tex/generic/stringenc/stringenc.sty
Package: stringenc 2019/11/29 v1.12 Convert strings between diff. encodings (HO)
)
Package hyperref Info: Hyper figures OFF on input line 4167.
Package hyperref Info: Link nesting OFF on input line 4172.
Package hyperref Info: Hyper index ON on input line 4175.
Package hyperref Info: Plain pages OFF on input line 4182.
Package hyperref Info: Backreferencing OFF on input line 4187.
Package hyperref Info: Implicit mode ON; LaTeX internals redefined.
Package hyperref Info: Bookmarks ON on input line 4434.
\c@Hy@tempcnt=\count306
LaTeX Info: Redefining \url on input line 4772.
\XeTeXLinkMargin=\dimen268
(c:/Users/Brian.Langseth/AppData/Roaming/TinyTeX/texmf-dist/tex/generic/bitset/bitset.sty
Package: bitset 2019/12/09 v1.3 Handle bit-vector datatype (HO)
(c:/Users/Brian.Langseth/AppData/Roaming/TinyTeX/texmf-dist/tex/generic/bigintcalc/bigintcalc.sty
Package: bigintcalc 2019/12/15 v1.5 Expandable calculations on big integers (HO)
))
\Fld@menulength=\count307
\Field@Width=\dimen269
\Fld@charsize=\dimen270
Package hyperref Info: Hyper figures OFF on input line 6051.
Package hyperref Info: Link nesting OFF on input line 6056.
Package hyperref Info: Hyper index ON on input line 6059.
Package hyperref Info: backreferencing OFF on input line 6066.
Package hyperref Info: Link coloring OFF on input line 6071.
Package hyperref Info: Link coloring with OCG OFF on input line 6076.
Package hyperref Info: PDF/A mode OFF on input line 6081.
(c:/Users/Brian.Langseth/AppData/Roaming/TinyTeX/texmf-dist/tex/latex/base/atbegshi-ltx.sty
Package: atbegshi-ltx 2021/01/10 v1.0c Emulation of the original atbegshi
package with kernel methods
)
\Hy@abspage=\count308
\c@Item=\count309
\c@Hfootnote=\count310
)
Package hyperref Info: Driver: hluatex.
(c:/Users/Brian.Langseth/AppData/Roaming/TinyTeX/texmf-dist/tex/latex/hyperref/hluatex.def
File: hluatex.def 2023-07-08 v7.01b Hyperref driver for luaTeX
(c:/Users/Brian.Langseth/AppData/Roaming/TinyTeX/texmf-dist/tex/latex/base/atveryend-ltx.sty
Package: atveryend-ltx 2020/08/19 v1.0a Emulation of the original atveryend package
with kernel methods
)
\Fld@listcount=\count311
\c@bookmark@seq@number=\count312
(c:/Users/Brian.Langseth/AppData/Roaming/TinyTeX/texmf-dist/tex/latex/rerunfilecheck/rerunfilecheck.sty
Package: rerunfilecheck 2022-07-10 v1.10 Rerun checks for auxiliary files (HO)
(c:/Users/Brian.Langseth/AppData/Roaming/TinyTeX/texmf-dist/tex/generic/uniquecounter/uniquecounter.sty
Package: uniquecounter 2019/12/15 v1.4 Provide unlimited unique counter (HO)
)
Package uniquecounter Info: New unique counter `rerunfilecheck' on input line 285.
)
\Hy@SectionHShift=\skip82
)
Package zref Info: New property list: pdfcomment on input line 2735.
Package zref Info: New property: PCPDFOBJID on input line 2736.
) (c:/Users/Brian.Langseth/AppData/Roaming/TinyTeX/texmf-dist/tex/latex/pgf/utilities/pgfpages.sty
Package: pgfpages 2011/01/05 ver 0.02
\pgf@logicalpages=\count313
\pgf@firstshipout=\count314
\pgf@lastshipout=\count315
\pgf@currentshipout=\count316
\pgf@cpn=\count317
\pgf@shipoutnextto=\count318
\pgfphysicalheight=\dimen271
\pgfphysicalwidth=\dimen272
\pgfpages@shipoutbox=\box67
) (c:/Users/Brian.Langseth/AppData/Roaming/TinyTeX/texmf-dist/tex/latex/glossaries/base/glossaries.sty
Package: glossaries 2022/11/03 v4.52 (NLCT)
(c:/Users/Brian.Langseth/AppData/Roaming/TinyTeX/texmf-dist/tex/latex/mfirstuc/mfirstuc.sty
Package: mfirstuc 2022/10/14 v2.08 (NLCT)
\@glsmfirst=\toks38
\@glsmrest=\toks39
) (c:/Users/Brian.Langseth/AppData/Roaming/TinyTeX/texmf-dist/tex/latex/xfor/xfor.sty
Package: xfor 2009/02/05 v1.05 (NLCT)
) (c:/Users/Brian.Langseth/AppData/Roaming/TinyTeX/texmf-dist/tex/latex/datatool/datatool-base.sty
Package: datatool-base 2019/09/27 v2.32 (NLCT)
(c:/Users/Brian.Langseth/AppData/Roaming/TinyTeX/texmf-dist/tex/latex/amsmath/amsmath.sty
Package: amsmath 2023/05/13 v2.17o AMS math features
\@mathmargin=\skip83
For additional information on amsmath, use the `?' option.
(c:/Users/Brian.Langseth/AppData/Roaming/TinyTeX/texmf-dist/tex/latex/amsmath/amstext.sty
Package: amstext 2021/08/26 v2.01 AMS text
(c:/Users/Brian.Langseth/AppData/Roaming/TinyTeX/texmf-dist/tex/latex/amsmath/amsgen.sty
File: amsgen.sty 1999/11/30 v2.0 generic functions
\@emptytoks=\toks40
\ex@=\dimen273
)) (c:/Users/Brian.Langseth/AppData/Roaming/TinyTeX/texmf-dist/tex/latex/amsmath/amsbsy.sty
Package: amsbsy 1999/11/29 v1.2d Bold Symbols
\pmbraise@=\dimen274
) (c:/Users/Brian.Langseth/AppData/Roaming/TinyTeX/texmf-dist/tex/latex/amsmath/amsopn.sty
Package: amsopn 2022/04/08 v2.04 operator names
LaTeX Info: Redefining \operatorname on input line 43.
)
\inf@bad=\count319
LaTeX Info: Redefining \frac on input line 236.
\uproot@=\count320
\leftroot@=\count321
LaTeX Info: Redefining \overline on input line 399.
LaTeX Info: Redefining \colon on input line 410.
\classnum@=\count322
\DOTSCASE@=\count323
LaTeX Info: Redefining \ldots on input line 496.
LaTeX Info: Redefining \dots on input line 499.
LaTeX Info: Redefining \cdots on input line 620.
\Mathstrutbox@=\box68
\strutbox@=\box69
LaTeX Info: Redefining \big on input line 722.
LaTeX Info: Redefining \Big on input line 723.
LaTeX Info: Redefining \bigg on input line 724.
LaTeX Info: Redefining \Bigg on input line 725.
\big@size=\dimen275
LaTeX Font Info:    Redeclaring font encoding OML on input line 743.
LaTeX Font Info:    Redeclaring font encoding OMS on input line 744.
\macc@depth=\count324
LaTeX Info: Redefining \bmod on input line 905.
LaTeX Info: Redefining \pmod on input line 910.
LaTeX Info: Redefining \smash on input line 940.
LaTeX Info: Redefining \relbar on input line 970.
LaTeX Info: Redefining \Relbar on input line 971.
\c@MaxMatrixCols=\count325
\dotsspace@=\muskip17
\c@parentequation=\count326
\dspbrk@lvl=\count327
\tag@help=\toks41
\row@=\count328
\column@=\count329
\maxfields@=\count330
\andhelp@=\toks42
\eqnshift@=\dimen276
\alignsep@=\dimen277
\tagshift@=\dimen278
\tagwidth@=\dimen279
\totwidth@=\dimen280
\lineht@=\dimen281
\@envbody=\toks43
\multlinegap=\skip84
\multlinetaggap=\skip85
\mathdisplay@stack=\toks44
LaTeX Info: Redefining \[ on input line 2953.
LaTeX Info: Redefining \] on input line 2954.
) (c:/Users/Brian.Langseth/AppData/Roaming/TinyTeX/texmf-dist/tex/latex/substr/substr.sty
Package: substr 2009/10/20 v1.2 Handle substrings
\c@su@anzahl=\count331
) (c:/Users/Brian.Langseth/AppData/Roaming/TinyTeX/texmf-dist/tex/latex/datatool/datatool-fp.sty
Package: datatool-fp 2019/09/27 v2.32 (NLCT)
(c:/Users/Brian.Langseth/AppData/Roaming/TinyTeX/texmf-dist/tex/latex/fp/fp.sty
Package: fp 1995/04/02
`Fixed Point Package', Version 0.8, April 2, 1995 (C) Michael Mehlich (c:/Users/Brian.Langseth/AppData/Roaming/TinyTeX/texmf-dist/tex/latex/fp/defpattern.sty
Package: defpattern 1994/10/12
\actioncount=\count332
) (c:/Users/Brian.Langseth/AppData/Roaming/TinyTeX/texmf-dist/tex/latex/fp/fp-basic.sty
Package: fp-basic 1996/05/13
\FP@xs=\count333
\FP@xia=\count334
\FP@xib=\count335
\FP@xfa=\count336
\FP@xfb=\count337
\FP@rega=\count338
\FP@regb=\count339
\FP@regs=\count340
\FP@times=\count341
) (c:/Users/Brian.Langseth/AppData/Roaming/TinyTeX/texmf-dist/tex/latex/fp/fp-addons.sty
Package: fp-addons 1995/03/15
) (c:/Users/Brian.Langseth/AppData/Roaming/TinyTeX/texmf-dist/tex/latex/fp/fp-snap.sty
Package: fp-snap 1995/04/05
) (c:/Users/Brian.Langseth/AppData/Roaming/TinyTeX/texmf-dist/tex/latex/fp/fp-exp.sty
Package: fp-exp 1995/04/03
) (c:/Users/Brian.Langseth/AppData/Roaming/TinyTeX/texmf-dist/tex/latex/fp/fp-trigo.sty
Package: fp-trigo 1995/04/14
) (c:/Users/Brian.Langseth/AppData/Roaming/TinyTeX/texmf-dist/tex/latex/fp/fp-pas.sty
Package: fp-pas 1994/08/29
) (c:/Users/Brian.Langseth/AppData/Roaming/TinyTeX/texmf-dist/tex/latex/fp/fp-random.sty
Package: fp-random 1995/02/23
\FPseed=\count342
) (c:/Users/Brian.Langseth/AppData/Roaming/TinyTeX/texmf-dist/tex/latex/fp/fp-eqn.sty
Package: fp-eqn 1995/04/03
) (c:/Users/Brian.Langseth/AppData/Roaming/TinyTeX/texmf-dist/tex/latex/fp/fp-upn.sty
Package: fp-upn 1996/10/21
) (c:/Users/Brian.Langseth/AppData/Roaming/TinyTeX/texmf-dist/tex/latex/fp/fp-eval.sty
Package: fp-eval 1995/04/03
)))
\@dtl@toks=\toks45
\@dtl@tmpcount=\count343
\dtl@tmplength=\skip86
\dtl@sortresult=\count344
\@dtl@numgrpsepcount=\count345
\@dtl@datatype=\count346
\dtl@codeA=\count347
\dtl@codeB=\count348
\@dtl@foreach@level=\count349
) (c:/Users/Brian.Langseth/AppData/Roaming/TinyTeX/texmf-dist/tex/latex/glossaries-english/glossaries-english.ldf
File: glossaries-english.ldf 2014/11/23 v1.0
)
\gls@level=\count350
\@gls@tmpb=\toks46
\gls@tmplen=\skip87
\glskeylisttok=\toks47
\glslabeltok=\toks48
\glsshorttok=\toks49
\glslongtok=\toks50
(c:/Users/Brian.Langseth/AppData/Roaming/TinyTeX/texmf-dist/tex/latex/glossaries/styles/glossary-hypernav.sty
Package: glossary-hypernav 2022/11/03 v4.52 (NLCT)
) (c:/Users/Brian.Langseth/AppData/Roaming/TinyTeX/texmf-dist/tex/latex/glossaries/styles/glossary-list.sty
Package: glossary-list 2022/11/03 v4.52 (NLCT)
\glslistdottedwidth=\skip88
) (c:/Users/Brian.Langseth/AppData/Roaming/TinyTeX/texmf-dist/tex/latex/glossaries/styles/glossary-long.sty
Package: glossary-long 2022/11/03 v4.52 (NLCT)
(c:/Users/Brian.Langseth/AppData/Roaming/TinyTeX/texmf-dist/tex/latex/tools/longtable.sty
Package: longtable 2021-09-01 v4.17 Multi-page Table package (DPC)
\LTleft=\skip89
\LTright=\skip90
\LTpre=\skip91
\LTpost=\skip92
\LTchunksize=\count351
\LTcapwidth=\dimen282
\LT@head=\box70
\LT@firsthead=\box71
\LT@foot=\box72
\LT@lastfoot=\box73
\LT@gbox=\box74
\LT@cols=\count352
\LT@rows=\count353
\c@LT@tables=\count354
\c@LT@chunks=\count355
\LT@p@ftn=\toks51
)
\glsdescwidth=\skip93
\glspagelistwidth=\skip94
) (c:/Users/Brian.Langseth/AppData/Roaming/TinyTeX/texmf-dist/tex/latex/glossaries/styles/glossary-tree.sty
Package: glossary-tree 2022/11/03 v4.52 (NLCT)
\glstreeindent=\skip95
)) (./sa4ss_glossaries.tex)) (c:/Users/Brian.Langseth/AppData/Roaming/TinyTeX/texmf-dist/tex/latex/amsfonts/amssymb.sty
Package: amssymb 2013/01/14 v3.01 AMS font symbols
) (c:/Users/Brian.Langseth/AppData/Roaming/TinyTeX/texmf-dist/tex/latex/tools/array.sty
Package: array 2022/09/04 v2.5g Tabular extension package (FMi)
\col@sep=\dimen283
\ar@mcellbox=\box75
\extrarowheight=\dimen284
\NC@list=\toks52
\extratabsurround=\skip96
\backup@length=\skip97
\ar@cellbox=\box76
) (c:/Users/Brian.Langseth/AppData/Roaming/TinyTeX/texmf-dist/tex/latex/booktabs/booktabs.sty
Package: booktabs 2020/01/12 v1.61803398 Publication quality tables
\heavyrulewidth=\dimen285
\lightrulewidth=\dimen286
\cmidrulewidth=\dimen287
\belowrulesep=\dimen288
\belowbottomsep=\dimen289
\aboverulesep=\dimen290
\abovetopsep=\dimen291
\cmidrulesep=\dimen292
\cmidrulekern=\dimen293
\defaultaddspace=\dimen294
\@cmidla=\count356
\@cmidlb=\count357
\@aboverulesep=\dimen295
\@belowrulesep=\dimen296
\@thisruleclass=\count358
\@lastruleclass=\count359
\@thisrulewidth=\dimen297
) (c:/Users/Brian.Langseth/AppData/Roaming/TinyTeX/texmf-dist/tex/latex/lm/lmodern.sty
Package: lmodern 2015/05/01 v1.6.1 Latin Modern Fonts
LaTeX Font Info:    Overwriting symbol font `operators' in version `normal'
(Font)                  OT1/cmr/m/n --> OT1/lmr/m/n on input line 22.
LaTeX Font Info:    Overwriting symbol font `letters' in version `normal'
(Font)                  OML/cmm/m/it --> OML/lmm/m/it on input line 23.
LaTeX Font Info:    Overwriting symbol font `symbols' in version `normal'
(Font)                  OMS/cmsy/m/n --> OMS/lmsy/m/n on input line 24.
LaTeX Font Info:    Overwriting symbol font `largesymbols' in version `normal'
(Font)                  OMX/cmex/m/n --> OMX/lmex/m/n on input line 25.
LaTeX Font Info:    Overwriting symbol font `operators' in version `bold'
(Font)                  OT1/cmr/bx/n --> OT1/lmr/bx/n on input line 26.
LaTeX Font Info:    Overwriting symbol font `letters' in version `bold'
(Font)                  OML/cmm/b/it --> OML/lmm/b/it on input line 27.
LaTeX Font Info:    Overwriting symbol font `symbols' in version `bold'
(Font)                  OMS/cmsy/b/n --> OMS/lmsy/b/n on input line 28.
LaTeX Font Info:    Overwriting symbol font `largesymbols' in version `bold'
(Font)                  OMX/cmex/m/n --> OMX/lmex/m/n on input line 29.
LaTeX Font Info:    Overwriting math alphabet `\mathbf' in version `normal'
(Font)                  OT1/cmr/bx/n --> OT1/lmr/bx/n on input line 31.
LaTeX Font Info:    Overwriting math alphabet `\mathsf' in version `normal'
(Font)                  OT1/cmss/m/n --> OT1/lmss/m/n on input line 32.
LaTeX Font Info:    Overwriting math alphabet `\mathit' in version `normal'
(Font)                  OT1/cmr/m/it --> OT1/lmr/m/it on input line 33.
LaTeX Font Info:    Overwriting math alphabet `\mathtt' in version `normal'
(Font)                  OT1/cmtt/m/n --> OT1/lmtt/m/n on input line 34.
LaTeX Font Info:    Overwriting math alphabet `\mathbf' in version `bold'
(Font)                  OT1/cmr/bx/n --> OT1/lmr/bx/n on input line 35.
LaTeX Font Info:    Overwriting math alphabet `\mathsf' in version `bold'
(Font)                  OT1/cmss/bx/n --> OT1/lmss/bx/n on input line 36.
LaTeX Font Info:    Overwriting math alphabet `\mathit' in version `bold'
(Font)                  OT1/cmr/bx/it --> OT1/lmr/bx/it on input line 37.
LaTeX Font Info:    Overwriting math alphabet `\mathtt' in version `bold'
(Font)                  OT1/cmtt/m/n --> OT1/lmtt/m/n on input line 38.
) (c:/Users/Brian.Langseth/AppData/Roaming/TinyTeX/texmf-dist/tex/generic/iftex/ifxetex.sty
Package: ifxetex 2019/10/25 v0.7 ifxetex legacy package. Use iftex instead.
) (c:/Users/Brian.Langseth/AppData/Roaming/TinyTeX/texmf-dist/tex/latex/unicode-math/unicode-math.sty (c:/Users/Brian.Langseth/AppData/Roaming/TinyTeX/texmf-dist/tex/latex/l3kernel/expl3.sty
Package: expl3 2023-08-29 L3 programming layer (loader) 
(c:/Users/Brian.Langseth/AppData/Roaming/TinyTeX/texmf-dist/tex/latex/l3backend/l3backend-luatex.def
File: l3backend-luatex.def 2023-04-19 L3 backend support: PDF output (LuaTeX)
\l__color_backend_stack_int=\count360
Inserting `l3color' in `luaotfload.parse_color'.
\l__pdf_internal_box=\box77
))
Package: unicode-math 2023/08/13 v0.8r Unicode maths in XeLaTeX and LuaLaTeX
(c:/Users/Brian.Langseth/AppData/Roaming/TinyTeX/texmf-dist/tex/latex/unicode-math/unicode-math-luatex.sty
Package: unicode-math-luatex 2023/08/13 v0.8r Unicode maths in XeLaTeX and LuaLaTeX
(c:/Users/Brian.Langseth/AppData/Roaming/TinyTeX/texmf-dist/tex/latex/l3packages/xparse/xparse.sty
Package: xparse 2023-08-29 L3 Experimental document command parser
) (c:/Users/Brian.Langseth/AppData/Roaming/TinyTeX/texmf-dist/tex/latex/l3packages/l3keys2e/l3keys2e.sty
Package: l3keys2e 2023-08-29 LaTeX2e option processing using LaTeX3 keys
) (c:/Users/Brian.Langseth/AppData/Roaming/TinyTeX/texmf-dist/tex/latex/fontspec/fontspec.sty
Package: fontspec 2022/01/15 v2.8a Font selection for XeLaTeX and LuaLaTeX
Lua module: fontspec 2022/01/15 2.8a Font selection for XeLaTeX and LuaLaTeX (c:/Users/Brian.Langseth/AppData/Roaming/TinyTeX/texmf-dist/tex/latex/fontspec/fontspec-luatex.sty
Package: fontspec-luatex 2022/01/15 v2.8a Font selection for XeLaTeX and LuaLaTeX
\l__fontspec_script_int=\count361
\l__fontspec_language_int=\count362
\l__fontspec_strnum_int=\count363
\l__fontspec_tmp_int=\count364
\l__fontspec_tmpa_int=\count365
\l__fontspec_tmpb_int=\count366
\l__fontspec_tmpc_int=\count367
\l__fontspec_em_int=\count368
\l__fontspec_emdef_int=\count369
\l__fontspec_strong_int=\count370
\l__fontspec_strongdef_int=\count371
\l__fontspec_tmpa_dim=\dimen298
\l__fontspec_tmpb_dim=\dimen299
\l__fontspec_tmpc_dim=\dimen300
(c:/Users/Brian.Langseth/AppData/Roaming/TinyTeX/texmf-dist/tex/latex/base/fontenc.sty
Package: fontenc 2021/04/29 v2.0v Standard LaTeX package
) (c:/Users/Brian.Langseth/AppData/Roaming/TinyTeX/texmf-dist/tex/latex/fontspec/fontspec.cfg)
LaTeX Info: Redefining \strong on input line 3893.
)) (c:/Users/Brian.Langseth/AppData/Roaming/TinyTeX/texmf-dist/tex/latex/base/fix-cm.sty
Package: fix-cm 2020/11/24 v1.1t fixes to LaTeX
(c:/Users/Brian.Langseth/AppData/Roaming/TinyTeX/texmf-dist/tex/latex/base/ts1enc.def
File: ts1enc.def 2001/06/05 v3.0e (jk/car/fm) Standard LaTeX file
LaTeX Font Info:    Redeclaring font encoding TS1 on input line 47.
)) (c:/Users/Brian.Langseth/AppData/Roaming/TinyTeX/texmf-dist/tex/lualatex/lualatex-math/lualatex-math.sty
Package: lualatex-math 2022/01/01 v1.12 Patches for mathematics typesetting with LuaLaTeX
Lua module: lualatex-math 2013/08/03 1.3 Patches for mathematics typesetting with LuaLaTeX)
\g__um_fam_int=\count372
\g__um_fonts_used_int=\count373
\l__um_primecount_int=\count374
\g__um_primekern_muskip=\muskip18
(c:/Users/Brian.Langseth/AppData/Roaming/TinyTeX/texmf-dist/tex/latex/unicode-math/unicode-math-table.tex))) (c:/Users/Brian.Langseth/AppData/Roaming/TinyTeX/texmf-dist/tex/latex/mdwtools/footnote.sty
Package: footnote 1997/01/28 1.13 Save footnotes around boxes
\fn@notes=\box78
\fn@width=\dimen301
)
\csllabelwidth=\skip98
\cslhangindent=\skip99
(./_main.aux

LaTeX Warning: Label `tab:prob-mat' multiply defined.


LaTeX Warning: Label `tab:acl-mat' multiply defined.


LaTeX Warning: Label `tab:ofl-mat' multiply defined.


LaTeX Warning: Label `tab:rel-ssb-mat' multiply defined.


LaTeX Warning: Label `tab:prob-mat-alt' multiply defined.


LaTeX Warning: Label `tab:acl-mat-alt' multiply defined.


LaTeX Warning: Label `tab:ofl-mat-alt' multiply defined.


LaTeX Warning: Label `tab:rel-ssb-mat-alt' multiply defined.

)
\openout1 = _main.aux

LaTeX Font Info:    Checking defaults for OML/cmm/m/it on input line 119.
LaTeX Font Info:    ... okay on input line 119.
LaTeX Font Info:    Checking defaults for OMS/cmsy/m/n on input line 119.
LaTeX Font Info:    ... okay on input line 119.
LaTeX Font Info:    Checking defaults for OT1/cmr/m/n on input line 119.
LaTeX Font Info:    ... okay on input line 119.
LaTeX Font Info:    Checking defaults for T1/cmr/m/n on input line 119.
LaTeX Font Info:    ... okay on input line 119.
LaTeX Font Info:    Checking defaults for TS1/cmr/m/n on input line 119.
LaTeX Font Info:    ... okay on input line 119.
LaTeX Font Info:    Checking defaults for TU/lmr/m/n on input line 119.
LaTeX Font Info:    ... okay on input line 119.
LaTeX Font Info:    Checking defaults for OMX/cmex/m/n on input line 119.
LaTeX Font Info:    ... okay on input line 119.
LaTeX Font Info:    Checking defaults for U/cmr/m/n on input line 119.
LaTeX Font Info:    ... okay on input line 119.
LaTeX Font Info:    Checking defaults for PD1/pdf/m/n on input line 119.
LaTeX Font Info:    ... okay on input line 119.
LaTeX Font Info:    Checking defaults for PU/pdf/m/n on input line 119.
LaTeX Font Info:    ... okay on input line 119.
(c:/Users/Brian.Langseth/AppData/Roaming/TinyTeX/texmf-dist/tex/latex/epstopdf-pkg/epstopdf-base.sty
Package: epstopdf-base 2020-01-24 v2.11 Base part for package epstopdf
Package epstopdf-base Info: Redefining graphics rule for `.eps' on input line 485.
(c:/Users/Brian.Langseth/AppData/Roaming/TinyTeX/texmf-dist/tex/latex/latexconfig/epstopdf-sys.cfg
File: epstopdf-sys.cfg 2010/07/13 v1.3 Configuration of (r)epstopdf for TeX Live
))
*geometry* driver: auto-detecting
*geometry* detected driver: luatex
*geometry* verbose mode - [ preamble ] result:
* driver: luatex
* paper: letterpaper
* layout: <same size as paper>
* layoutoffset:(h,v)=(0.0pt,0.0pt)
* hratio: 1:1
* vratio: 1:1
* modes: includehead includefoot 
* h-part:(L,W,R)=(72.2698pt, 469.75539pt, 72.2698pt)
* v-part:(T,H,B)=(72.2698pt, 650.43037pt, 72.2698pt)
* \paperwidth=614.295pt
* \paperheight=794.96999pt
* \textwidth=469.75539pt
* \textheight=570.75125pt
* \oddsidemargin=-0.00018pt
* \evensidemargin=-0.00018pt
* \topmargin=-0.00018pt
* \headheight=14.0pt
* \headsep=25.0pt
* \topskip=11.0pt
* \footskip=42.67912pt
* \marginparwidth=59.0pt
* \marginparsep=10.0pt
* \columnsep=10.0pt
* \skip\footins=10.0pt plus 4.0pt minus 2.0pt
* \hoffset=0.0pt
* \voffset=0.0pt
* \mag=1000
* \@twocolumnfalse
* \@twosidefalse
* \@mparswitchfalse
* \@reversemarginfalse
* (1in=72.27pt=25.4mm, 1cm=28.453pt)

Package caption Info: Begin \AtBeginDocument code.
Package caption Info: hyperref package is loaded.
Package caption Info: longtable package is loaded.
(c:/Users/Brian.Langseth/AppData/Roaming/TinyTeX/texmf-dist/tex/latex/caption/ltcaption.sty
Package: ltcaption 2021/01/08 v1.4c longtable captions (AR)
)
Package caption Info: End \AtBeginDocument code.
Package soulpos Info: Loading soulutf8 on input line 119.
(c:/Users/Brian.Langseth/AppData/Roaming/TinyTeX/texmf-dist/tex/generic/soul/soulutf8.sty
Package: soulutf8 2023-06-14 v3.1 Permit use of UTF-8 characters in soul (HO)

Package soulutf8 Warning: This package is obsolete,
(soulutf8)                use the soul package directly. 
(soulutf8)                 on input line 29.

) (c:/Users/Brian.Langseth/AppData/Roaming/TinyTeX/texmf-dist/tex/generic/soul/soul.sty
Package: soul 2023-06-14 v3.1 Permit use of UTF-8 characters in soul (HO)
(c:/Users/Brian.Langseth/AppData/Roaming/TinyTeX/texmf-dist/tex/generic/soul/soul-ori.sty
Package: soul-ori 2023-06-14 v3.1 letterspacing/underlining (mf)
\SOUL@word=\toks53
\SOUL@lasttoken=\toks54
\SOUL@syllable=\toks55
\SOUL@cmds=\toks56
\SOUL@buffer=\toks57
\SOUL@token=\toks58
\SOUL@syllgoal=\dimen302
\SOUL@syllwidth=\dimen303
\SOUL@charkern=\dimen304
\SOUL@hyphkern=\dimen305
\SOUL@dimen=\dimen306
\SOUL@dimeni=\dimen307
\SOUL@minus=\count375
\SOUL@comma=\count376
\SOUL@apo=\count377
\SOUL@grave=\count378
\SOUL@spaceskip=\skip100
\SOUL@ttwidth=\dimen308
\SOUL@uldp=\dimen309
\SOUL@ulht=\dimen310
))
Package hyperref Info: Link coloring OFF on input line 119.
(./_main.out) (./_main.out)
\@outlinefile=\write6

\openout6 = _main.out
LaTeX Font Info:    Overwriting math alphabet `\mathrm' in version `normal'
(Font)                  OT1/lmr/m/n --> TU/lmr/m/n on input line 119.
LaTeX Font Info:    Overwriting math alphabet `\mathit' in version `normal'
(Font)                  OT1/lmr/m/it --> TU/lmr/m/it on input line 119.
LaTeX Font Info:    Overwriting math alphabet `\mathbf' in version `normal'
(Font)                  OT1/lmr/bx/n --> TU/lmr/bx/n on input line 119.
LaTeX Font Info:    Overwriting math alphabet `\mathsf' in version `normal'
(Font)                  OT1/lmss/m/n --> TU/lmss/m/n on input line 119.
LaTeX Font Info:    Overwriting math alphabet `\mathsf' in version `bold'
(Font)                  OT1/lmss/bx/n --> TU/lmss/bx/n on input line 119.
LaTeX Font Info:    Overwriting math alphabet `\mathtt' in version `normal'
(Font)                  OT1/lmtt/m/n --> TU/lmtt/m/n on input line 119.
LaTeX Font Info:    Overwriting math alphabet `\mathtt' in version `bold'
(Font)                  OT1/lmtt/m/n --> TU/lmtt/bx/n on input line 119.

Package fontspec Info: latinmodern-math scale = 0.9999967668407183.


Package fontspec Info: latinmodern-math scale = 0.9999967668407183.


Package fontspec Info: latinmodern-math scale = 0.9999967668407183.


Package fontspec Info: Font family 'latinmodern-math.otf(0)' created for font
(fontspec)             'latinmodern-math.otf' with options
(fontspec)             [Scale=MatchLowercase,Renderer=Basic,BoldItalicFont={},ItalicFont={},SmallCapsFont={},Script=Math,RawFeature={mathfontdimen=xetex},BoldFont={latinmodern-math.otf}].
(fontspec)              
(fontspec)              This font family consists of the following NFSS
(fontspec)             series/shapes:
(fontspec)              
(fontspec)             - 'normal' (m/n) with NFSS spec.:
(fontspec)             <->s*[0.9999967668407183]"[latinmodern-math.otf]:mode=base;script=math;language=dflt;mathfontdimen=xetex;"
(fontspec)             - 'small caps'  (m/sc) with NFSS spec.: 
(fontspec)             - 'bold' (b/n) with NFSS spec.:
(fontspec)             <->s*[0.9999967668407183]"[latinmodern-math.otf]:mode=base;script=math;language=dflt;mathfontdimen=xetex;"
(fontspec)             - 'bold small caps'  (b/sc) with NFSS spec.: 

LaTeX Font Info:    Font shape `TU/latinmodern-math.otf(0)/m/n' will be
(Font)              scaled to size 10.95pt on input line 119.

Package fontspec Info: latinmodern-math scale = 0.9999967668407183.


Package fontspec Info: latinmodern-math scale = 0.9999967668407183.


Package fontspec Info: latinmodern-math scale = 0.9999967668407183.


Package fontspec Info: latinmodern-math scale = 0.9999967668407183.


Package fontspec Info: latinmodern-math scale = 0.9999967668407183.


Package fontspec Info: Font family 'latinmodern-math.otf(1)' created for font
(fontspec)             'latinmodern-math.otf' with options
(fontspec)             [Scale=MatchLowercase,Renderer=Basic,BoldItalicFont={},ItalicFont={},SmallCapsFont={},Script=Math,SizeFeatures={{Size=9.3075-},{Size=6.57-9.3075,Font=latinmodern-math.otf,Style=MathScript},{Size=-6.57,Font=latinmodern-math.otf,Style=MathScriptScript}},RawFeature={mathfontdimen=xetex},BoldFont={latinmodern-math.otf}].
(fontspec)              
(fontspec)              This font family consists of the following NFSS
(fontspec)             series/shapes:
(fontspec)              
(fontspec)             - 'normal' (m/n) with NFSS spec.:
(fontspec)             <9.3075->s*[0.9999967668407183]"[latinmodern-math.otf]:mode=base;script=math;language=dflt;mathfontdimen=xetex;"<6.57-9.3075>s*[0.9999967668407183]"[latinmodern-math.otf]:mode=base;script=math;language=dflt;mathfontdimen=xetex;+ssty=0;"<-6.57>s*[0.9999967668407183]"[latinmodern-math.otf]:mode=base;script=math;language=dflt;mathfontdimen=xetex;+ssty=1;"
(fontspec)             - 'small caps'  (m/sc) with NFSS spec.: 
(fontspec)             - 'bold' (b/n) with NFSS spec.:
(fontspec)             <->s*[0.9999967668407183]"[latinmodern-math.otf]:mode=base;script=math;language=dflt;mathfontdimen=xetex;"
(fontspec)             - 'bold small caps'  (b/sc) with NFSS spec.: 

LaTeX Font Info:    Font shape `TU/latinmodern-math.otf(1)/m/n' will be
(Font)              scaled to size 10.95pt on input line 119.
LaTeX Font Info:    Encoding `OT1' has changed to `TU' for symbol font
(Font)              `operators' in the math version `normal' on input line 119.
LaTeX Font Info:    Overwriting symbol font `operators' in version `normal'
(Font)                  OT1/lmr/m/n --> TU/latinmodern-math.otf(1)/m/n on input line 119.
LaTeX Font Info:    Encoding `OT1' has changed to `TU' for symbol font
(Font)              `operators' in the math version `bold' on input line 119.
LaTeX Font Info:    Overwriting symbol font `operators' in version `bold'
(Font)                  OT1/lmr/bx/n --> TU/latinmodern-math.otf(1)/b/n on input line 119.

Package fontspec Info: latinmodern-math scale = 0.9999967668407183.


Package fontspec Info: latinmodern-math scale = 0.9999967668407183.


Package fontspec Info: latinmodern-math scale = 0.9999967668407183.


Package fontspec Info: latinmodern-math scale = 0.9999967668407183.


Package fontspec Info: latinmodern-math scale = 0.9999967668407183.


Package fontspec Info: Font family 'latinmodern-math.otf(2)' created for font
(fontspec)             'latinmodern-math.otf' with options
(fontspec)             [Scale=MatchLowercase,Renderer=Basic,BoldItalicFont={},ItalicFont={},SmallCapsFont={},Script=Math,SizeFeatures={{Size=9.3075-},{Size=6.57-9.3075,Font=latinmodern-math.otf,Style=MathScript},{Size=-6.57,Font=latinmodern-math.otf,Style=MathScriptScript}},RawFeature={mathfontdimen=xetex},BoldFont={latinmodern-math.otf},RawFeature={mathfontdimen=tex2}].
(fontspec)              
(fontspec)              This font family consists of the following NFSS
(fontspec)             series/shapes:
(fontspec)              
(fontspec)             - 'normal' (m/n) with NFSS spec.:
(fontspec)             <9.3075->s*[0.9999967668407183]"[latinmodern-math.otf]:mode=base;script=math;language=dflt;mathfontdimen=xetex;mathfontdimen=tex2;"<6.57-9.3075>s*[0.9999967668407183]"[latinmodern-math.otf]:mode=base;script=math;language=dflt;mathfontdimen=xetex;mathfontdimen=tex2;+ssty=0;"<-6.57>s*[0.9999967668407183]"[latinmodern-math.otf]:mode=base;script=math;language=dflt;mathfontdimen=xetex;mathfontdimen=tex2;+ssty=1;"
(fontspec)             - 'small caps'  (m/sc) with NFSS spec.: 
(fontspec)             - 'bold' (b/n) with NFSS spec.:
(fontspec)             <->s*[0.9999967668407183]"[latinmodern-math.otf]:mode=base;script=math;language=dflt;mathfontdimen=xetex;mathfontdimen=tex2;"
(fontspec)             - 'bold small caps'  (b/sc) with NFSS spec.: 

LaTeX Font Info:    Encoding `OMS' has changed to `TU' for symbol font
(Font)              `symbols' in the math version `normal' on input line 119.
LaTeX Font Info:    Overwriting symbol font `symbols' in version `normal'
(Font)                  OMS/lmsy/m/n --> TU/latinmodern-math.otf(2)/m/n on input line 119.
LaTeX Font Info:    Encoding `OMS' has changed to `TU' for symbol font
(Font)              `symbols' in the math version `bold' on input line 119.
LaTeX Font Info:    Overwriting symbol font `symbols' in version `bold'
(Font)                  OMS/lmsy/b/n --> TU/latinmodern-math.otf(2)/b/n on input line 119.

Package fontspec Info: latinmodern-math scale = 0.9999967668407183.


Package fontspec Info: latinmodern-math scale = 0.9999967668407183.


Package fontspec Info: latinmodern-math scale = 0.9999967668407183.


Package fontspec Info: latinmodern-math scale = 0.9999967668407183.


Package fontspec Info: latinmodern-math scale = 0.9999967668407183.


Package fontspec Info: Font family 'latinmodern-math.otf(3)' created for font
(fontspec)             'latinmodern-math.otf' with options
(fontspec)             [Scale=MatchLowercase,Renderer=Basic,BoldItalicFont={},ItalicFont={},SmallCapsFont={},Script=Math,SizeFeatures={{Size=9.3075-},{Size=6.57-9.3075,Font=latinmodern-math.otf,Style=MathScript},{Size=-6.57,Font=latinmodern-math.otf,Style=MathScriptScript}},RawFeature={mathfontdimen=xetex},BoldFont={latinmodern-math.otf},RawFeature={mathfontdimen=tex3}].
(fontspec)              
(fontspec)              This font family consists of the following NFSS
(fontspec)             series/shapes:
(fontspec)              
(fontspec)             - 'normal' (m/n) with NFSS spec.:
(fontspec)             <9.3075->s*[0.9999967668407183]"[latinmodern-math.otf]:mode=base;script=math;language=dflt;mathfontdimen=xetex;mathfontdimen=tex3;"<6.57-9.3075>s*[0.9999967668407183]"[latinmodern-math.otf]:mode=base;script=math;language=dflt;mathfontdimen=xetex;mathfontdimen=tex3;+ssty=0;"<-6.57>s*[0.9999967668407183]"[latinmodern-math.otf]:mode=base;script=math;language=dflt;mathfontdimen=xetex;mathfontdimen=tex3;+ssty=1;"
(fontspec)             - 'small caps'  (m/sc) with NFSS spec.: 
(fontspec)             - 'bold' (b/n) with NFSS spec.:
(fontspec)             <->s*[0.9999967668407183]"[latinmodern-math.otf]:mode=base;script=math;language=dflt;mathfontdimen=xetex;mathfontdimen=tex3;"
(fontspec)             - 'bold small caps'  (b/sc) with NFSS spec.: 

LaTeX Font Info:    Encoding `OMX' has changed to `TU' for symbol font
(Font)              `largesymbols' in the math version `normal' on input line 119.
LaTeX Font Info:    Overwriting symbol font `largesymbols' in version `normal'
(Font)                  OMX/lmex/m/n --> TU/latinmodern-math.otf(3)/m/n on input line 119.
LaTeX Font Info:    Encoding `OMX' has changed to `TU' for symbol font
(Font)              `largesymbols' in the math version `bold' on input line 119.
LaTeX Font Info:    Overwriting symbol font `largesymbols' in version `bold'
(Font)                  OMX/lmex/m/n --> TU/latinmodern-math.otf(3)/b/n on input line 119.
LaTeX Font Info:    Font shape `TU/latinmodern-math.otf(1)/m/n' will be
(Font)              scaled to size 7.665pt on input line 119.
LaTeX Font Info:    Font shape `TU/latinmodern-math.otf(1)/m/n' will be
(Font)              scaled to size 5.475pt on input line 119.
LaTeX Font Info:    Trying to load font information for OML+lmm on input line 119.
(c:/Users/Brian.Langseth/AppData/Roaming/TinyTeX/texmf-dist/tex/latex/lm/omllmm.fd
File: omllmm.fd 2015/05/01 v1.6.1 Font defs for Latin Modern
)
LaTeX Font Info:    Font shape `TU/latinmodern-math.otf(2)/m/n' will be
(Font)              scaled to size 10.95pt on input line 119.
LaTeX Font Info:    Font shape `TU/latinmodern-math.otf(2)/m/n' will be
(Font)              scaled to size 7.665pt on input line 119.
LaTeX Font Info:    Font shape `TU/latinmodern-math.otf(2)/m/n' will be
(Font)              scaled to size 5.475pt on input line 119.
LaTeX Font Info:    Font shape `TU/latinmodern-math.otf(3)/m/n' will be
(Font)              scaled to size 10.95pt on input line 119.
LaTeX Font Info:    Font shape `TU/latinmodern-math.otf(3)/m/n' will be
(Font)              scaled to size 7.665pt on input line 119.
LaTeX Font Info:    Font shape `TU/latinmodern-math.otf(3)/m/n' will be
(Font)              scaled to size 5.475pt on input line 119.
LaTeX Font Info:    Trying to load font information for U+msa on input line 119.
(c:/Users/Brian.Langseth/AppData/Roaming/TinyTeX/texmf-dist/tex/latex/amsfonts/umsa.fd
File: umsa.fd 2013/01/14 v3.01 AMS symbols A
)
LaTeX Font Info:    Trying to load font information for U+msb on input line 119.
(c:/Users/Brian.Langseth/AppData/Roaming/TinyTeX/texmf-dist/tex/latex/amsfonts/umsb.fd
File: umsb.fd 2013/01/14 v3.01 AMS symbols B
)
LaTeX Font Info:    Font shape `TU/latinmodern-math.otf(1)/m/n' will be
(Font)              scaled to size 10.0pt on input line 139.
LaTeX Font Info:    Font shape `TU/latinmodern-math.otf(1)/m/n' will be
(Font)              scaled to size 7.0pt on input line 139.
LaTeX Font Info:    Font shape `TU/latinmodern-math.otf(1)/m/n' will be
(Font)              scaled to size 5.0pt on input line 139.
LaTeX Font Info:    Font shape `TU/latinmodern-math.otf(2)/m/n' will be
(Font)              scaled to size 10.0pt on input line 139.
LaTeX Font Info:    Font shape `TU/latinmodern-math.otf(2)/m/n' will be
(Font)              scaled to size 7.0pt on input line 139.
LaTeX Font Info:    Font shape `TU/latinmodern-math.otf(2)/m/n' will be
(Font)              scaled to size 5.0pt on input line 139.
LaTeX Font Info:    Font shape `TU/latinmodern-math.otf(3)/m/n' will be
(Font)              scaled to size 10.0pt on input line 139.
LaTeX Font Info:    Font shape `TU/latinmodern-math.otf(3)/m/n' will be
(Font)              scaled to size 7.0pt on input line 139.
LaTeX Font Info:    Font shape `TU/latinmodern-math.otf(3)/m/n' will be
(Font)              scaled to size 5.0pt on input line 139.
[1


\openout5 = _main.upa
{c:/Users/Brian.Langseth/AppData/Roaming/TinyTeX/texmf-var/fonts/map/pdftex/updmap/pdftex.map}] [2

] (./_main.toc)
\tf@toc=\write7

\openout7 = _main.toc
[3

]
warning  (pdf backend): ignoring duplicate destination with the name 'page.i'
[1


]
Package marginnote Info: Using workaround for absolute page number on input line 209.
[1]
Package marginnote Info: Using workaround for absolute page number on input line 232.
[2] [3] [4] [5] [6]
Underfull \hbox (badness 10000) in paragraph at lines 357--359
\TU/lmr/m/n/10 analysis-for-quillback-rockfish-sebastes-maliger-in-u-s-waters-off-the-coast-of-california-based-on-the-
 []


Underfull \hbox (badness 10000) in paragraph at lines 366--368
\TU/lmr/m/n/10 from []$https://www.pcouncil.org/documents/2022/06/terms-of-reference-for-the-groundfish-rebuilding-
 []

[7

] [8

]
Overfull \hbox (1.33351pt too wide) in paragraph at lines 421--421
[]|\TU/lmr/m/n/10 SPR= 
 []


Overfull \hbox (1.33351pt too wide) in paragraph at lines 421--421
[]|\TU/lmr/m/n/10 SPR= 
 []


Overfull \hbox (1.33351pt too wide) in paragraph at lines 421--421
[]|\TU/lmr/m/n/10 SPR= 
 []


Overfull \hbox (1.33351pt too wide) in paragraph at lines 421--421
[]|\TU/lmr/m/n/10 SPR= 
 []


Overfull \hbox (1.33351pt too wide) in paragraph at lines 421--421
[]|\TU/lmr/m/n/10 SPR= 
 []


Overfull \hbox (1.33351pt too wide) in paragraph at lines 421--421
[]|\TU/lmr/m/n/10 SPR= 
 []


Overfull \hbox (1.33351pt too wide) in paragraph at lines 421--421
[]|\TU/lmr/m/n/10 SPR= 
 []


Overfull \hbox (5.14807pt too wide) in alignment at lines 418--423
 [][][][][][][][][][][][] 
 []


Overfull \hbox (1.33351pt too wide) in paragraph at lines 426--426
[]|\TU/lmr/m/n/10 SPR= 
 []


Overfull \hbox (1.33351pt too wide) in paragraph at lines 426--426
[]|\TU/lmr/m/n/10 SPR= 
 []


Overfull \hbox (1.33351pt too wide) in paragraph at lines 426--426
[]|\TU/lmr/m/n/10 SPR= 
 []


Overfull \hbox (1.33351pt too wide) in paragraph at lines 426--426
[]|\TU/lmr/m/n/10 SPR= 
 []


Overfull \hbox (1.33351pt too wide) in paragraph at lines 426--426
[]|\TU/lmr/m/n/10 SPR= 
 []


Overfull \hbox (1.33351pt too wide) in paragraph at lines 426--426
[]|\TU/lmr/m/n/10 SPR= 
 []


Overfull \hbox (1.33351pt too wide) in paragraph at lines 426--426
[]|\TU/lmr/m/n/10 SPR= 
 []


Overfull \hbox (5.14807pt too wide) in alignment at lines 423--428
 [][][][][][][][][][][][] 
 []


Overfull \hbox (5.14807pt too wide) in alignment at lines 428--430
 [][][][][][][][][][][][] 
 []


Overfull \hbox (5.14807pt too wide) in alignment at lines 430--432
 [][][][][][][][][][][][] 
 []


Overfull \hbox (5.14807pt too wide) in alignment at lines 432--443
 [][][][][][][][][][][][] 
 []

[9

]
Overfull \hbox (1.33351pt too wide) in paragraph at lines 459--459
[]|\TU/lmr/m/n/10 SPR= 
 []


Overfull \hbox (1.33351pt too wide) in paragraph at lines 459--459
[]|\TU/lmr/m/n/10 SPR= 
 []


Overfull \hbox (1.33351pt too wide) in paragraph at lines 459--459
[]|\TU/lmr/m/n/10 SPR= 
 []


Overfull \hbox (1.33351pt too wide) in paragraph at lines 459--459
[]|\TU/lmr/m/n/10 SPR= 
 []


Overfull \hbox (1.33351pt too wide) in paragraph at lines 459--459
[]|\TU/lmr/m/n/10 SPR= 
 []


Overfull \hbox (1.33351pt too wide) in paragraph at lines 459--459
[]|\TU/lmr/m/n/10 SPR= 
 []


Overfull \hbox (1.33351pt too wide) in paragraph at lines 459--459
[]|\TU/lmr/m/n/10 SPR= 
 []


Overfull \hbox (1.33351pt too wide) in paragraph at lines 464--464
[]|\TU/lmr/m/n/10 SPR= 
 []


Overfull \hbox (1.33351pt too wide) in paragraph at lines 464--464
[]|\TU/lmr/m/n/10 SPR= 
 []


Overfull \hbox (1.33351pt too wide) in paragraph at lines 464--464
[]|\TU/lmr/m/n/10 SPR= 
 []


Overfull \hbox (1.33351pt too wide) in paragraph at lines 464--464
[]|\TU/lmr/m/n/10 SPR= 
 []


Overfull \hbox (1.33351pt too wide) in paragraph at lines 464--464
[]|\TU/lmr/m/n/10 SPR= 
 []


Overfull \hbox (1.33351pt too wide) in paragraph at lines 464--464
[]|\TU/lmr/m/n/10 SPR= 
 []


Overfull \hbox (1.33351pt too wide) in paragraph at lines 464--464
[]|\TU/lmr/m/n/10 SPR= 
 []

[10


] [11]
Overfull \hbox (1.33351pt too wide) in paragraph at lines 534--534
[]|\TU/lmr/m/n/10 SPR= 
 []


Overfull \hbox (1.33351pt too wide) in paragraph at lines 534--534
[]|\TU/lmr/m/n/10 SPR= 
 []


Overfull \hbox (1.33351pt too wide) in paragraph at lines 534--534
[]|\TU/lmr/m/n/10 SPR= 
 []


Overfull \hbox (1.33351pt too wide) in paragraph at lines 534--534
[]|\TU/lmr/m/n/10 SPR= 
 []


Overfull \hbox (1.33351pt too wide) in paragraph at lines 534--534
[]|\TU/lmr/m/n/10 SPR= 
 []


Overfull \hbox (1.33351pt too wide) in paragraph at lines 534--534
[]|\TU/lmr/m/n/10 SPR= 
 []


Overfull \hbox (1.33351pt too wide) in paragraph at lines 534--534
[]|\TU/lmr/m/n/10 SPR= 
 []


Overfull \hbox (1.33351pt too wide) in paragraph at lines 539--539
[]|\TU/lmr/m/n/10 SPR= 
 []


Overfull \hbox (1.33351pt too wide) in paragraph at lines 539--539
[]|\TU/lmr/m/n/10 SPR= 
 []


Overfull \hbox (1.33351pt too wide) in paragraph at lines 539--539
[]|\TU/lmr/m/n/10 SPR= 
 []


Overfull \hbox (1.33351pt too wide) in paragraph at lines 539--539
[]|\TU/lmr/m/n/10 SPR= 
 []


Overfull \hbox (1.33351pt too wide) in paragraph at lines 539--539
[]|\TU/lmr/m/n/10 SPR= 
 []


Overfull \hbox (1.33351pt too wide) in paragraph at lines 539--539
[]|\TU/lmr/m/n/10 SPR= 
 []


Overfull \hbox (1.33351pt too wide) in paragraph at lines 539--539
[]|\TU/lmr/m/n/10 SPR= 
 []

[12

] [13]
Overfull \hbox (1.33351pt too wide) in paragraph at lines 609--609
[]|\TU/lmr/m/n/10 SPR= 
 []


Overfull \hbox (1.33351pt too wide) in paragraph at lines 609--609
[]|\TU/lmr/m/n/10 SPR= 
 []


Overfull \hbox (1.33351pt too wide) in paragraph at lines 609--609
[]|\TU/lmr/m/n/10 SPR= 
 []


Overfull \hbox (1.33351pt too wide) in paragraph at lines 609--609
[]|\TU/lmr/m/n/10 SPR= 
 []


Overfull \hbox (1.33351pt too wide) in paragraph at lines 609--609
[]|\TU/lmr/m/n/10 SPR= 
 []


Overfull \hbox (1.33351pt too wide) in paragraph at lines 609--609
[]|\TU/lmr/m/n/10 SPR= 
 []


Overfull \hbox (1.33351pt too wide) in paragraph at lines 609--609
[]|\TU/lmr/m/n/10 SPR= 
 []


Overfull \hbox (1.33351pt too wide) in paragraph at lines 614--614
[]|\TU/lmr/m/n/10 SPR= 
 []


Overfull \hbox (1.33351pt too wide) in paragraph at lines 614--614
[]|\TU/lmr/m/n/10 SPR= 
 []


Overfull \hbox (1.33351pt too wide) in paragraph at lines 614--614
[]|\TU/lmr/m/n/10 SPR= 
 []


Overfull \hbox (1.33351pt too wide) in paragraph at lines 614--614
[]|\TU/lmr/m/n/10 SPR= 
 []


Overfull \hbox (1.33351pt too wide) in paragraph at lines 614--614
[]|\TU/lmr/m/n/10 SPR= 
 []


Overfull \hbox (1.33351pt too wide) in paragraph at lines 614--614
[]|\TU/lmr/m/n/10 SPR= 
 []


Overfull \hbox (1.33351pt too wide) in paragraph at lines 614--614
[]|\TU/lmr/m/n/10 SPR= 
 []

[14

] [15]
Overfull \hbox (1.33351pt too wide) in paragraph at lines 684--684
[]|\TU/lmr/m/n/10 SPR= 
 []


Overfull \hbox (1.33351pt too wide) in paragraph at lines 684--684
[]|\TU/lmr/m/n/10 SPR= 
 []


Overfull \hbox (1.33351pt too wide) in paragraph at lines 684--684
[]|\TU/lmr/m/n/10 SPR= 
 []


Overfull \hbox (1.33351pt too wide) in paragraph at lines 684--684
[]|\TU/lmr/m/n/10 SPR= 
 []


Overfull \hbox (1.33351pt too wide) in paragraph at lines 684--684
[]|\TU/lmr/m/n/10 SPR= 
 []


Overfull \hbox (1.33351pt too wide) in paragraph at lines 684--684
[]|\TU/lmr/m/n/10 SPR= 
 []


Overfull \hbox (1.33351pt too wide) in paragraph at lines 684--684
[]|\TU/lmr/m/n/10 SPR= 
 []


Overfull \hbox (1.33351pt too wide) in paragraph at lines 689--689
[]|\TU/lmr/m/n/10 SPR= 
 []


Overfull \hbox (1.33351pt too wide) in paragraph at lines 689--689
[]|\TU/lmr/m/n/10 SPR= 
 []


Overfull \hbox (1.33351pt too wide) in paragraph at lines 689--689
[]|\TU/lmr/m/n/10 SPR= 
 []


Overfull \hbox (1.33351pt too wide) in paragraph at lines 689--689
[]|\TU/lmr/m/n/10 SPR= 
 []


Overfull \hbox (1.33351pt too wide) in paragraph at lines 689--689
[]|\TU/lmr/m/n/10 SPR= 
 []


Overfull \hbox (1.33351pt too wide) in paragraph at lines 689--689
[]|\TU/lmr/m/n/10 SPR= 
 []


Overfull \hbox (1.33351pt too wide) in paragraph at lines 689--689
[]|\TU/lmr/m/n/10 SPR= 
 []

[16

] [17]
<C:/Users/Brian.Langseth/Desktop/ca/rebuilder/write_up_2023rebuild/figures/rebuilding_probability_forREPORT.png, id=326, 722.7pt x 505.89pt>
File: C:/Users/Brian.Langseth/Desktop/ca/rebuilder/write_up_2023rebuild/figures/rebuilding_probability_forREPORT.png Graphic file (type png)
<use C:/Users/Brian.Langseth/Desktop/ca/rebuilder/write_up_2023rebuild/figures/rebuilding_probability_forREPORT.png>
Package luatex.def Info: C:/Users/Brian.Langseth/Desktop/ca/rebuilder/write_up_2023rebuild/figures/rebuilding_probability_forREPORT.png  used on input line 760.
(luatex.def)             Requested size: 469.76045pt x 328.8323pt.
<C:/Users/Brian.Langseth/Desktop/ca/rebuilder/write_up_2023rebuild/figures/rebuilding_acl_forREPORT.png, id=327, 722.7pt x 505.89pt>
File: C:/Users/Brian.Langseth/Desktop/ca/rebuilder/write_up_2023rebuild/figures/rebuilding_acl_forREPORT.png Graphic file (type png)
<use C:/Users/Brian.Langseth/Desktop/ca/rebuilder/write_up_2023rebuild/figures/rebuilding_acl_forREPORT.png>
Package luatex.def Info: C:/Users/Brian.Langseth/Desktop/ca/rebuilder/write_up_2023rebuild/figures/rebuilding_acl_forREPORT.png  used on input line 766.
(luatex.def)             Requested size: 469.76045pt x 328.8323pt.
<C:/Users/Brian.Langseth/Desktop/ca/rebuilder/write_up_2023rebuild/figures/rebuilding_relative_sb_forREPORT.png, id=328, 722.7pt x 505.89pt>
File: C:/Users/Brian.Langseth/Desktop/ca/rebuilder/write_up_2023rebuild/figures/rebuilding_relative_sb_forREPORT.png Graphic file (type png)
<use C:/Users/Brian.Langseth/Desktop/ca/rebuilder/write_up_2023rebuild/figures/rebuilding_relative_sb_forREPORT.png>
Package luatex.def Info: C:/Users/Brian.Langseth/Desktop/ca/rebuilder/write_up_2023rebuild/figures/rebuilding_relative_sb_forREPORT.png  used on input line 772.
(luatex.def)             Requested size: 469.76045pt x 328.8323pt.
<C:/Users/Brian.Langseth/Desktop/ca/rebuilder/write_up_2023rebuild/figures/rebuilding_ssb_forREPORT.png, id=329, 722.7pt x 505.89pt>
File: C:/Users/Brian.Langseth/Desktop/ca/rebuilder/write_up_2023rebuild/figures/rebuilding_ssb_forREPORT.png Graphic file (type png)
<use C:/Users/Brian.Langseth/Desktop/ca/rebuilder/write_up_2023rebuild/figures/rebuilding_ssb_forREPORT.png>
Package luatex.def Info: C:/Users/Brian.Langseth/Desktop/ca/rebuilder/write_up_2023rebuild/figures/rebuilding_ssb_forREPORT.png  used on input line 778.
(luatex.def)             Requested size: 469.76045pt x 328.8323pt.
[18


<c:/Users/Brian.Langseth/Desktop/ca/rebuilder/write_up_2023rebuild/figures/rebuilding_probability_forREPORT.png>] [19<c:/Users/Brian.Langseth/Desktop/ca/rebuilder/write_up_2023rebuild/figures/rebuilding_acl_forREPORT.png>] [20<c:/Users/Brian.Langseth/Desktop/ca/rebuilder/write_up_2023rebuild/figures/rebuilding_relative_sb_forREPORT.png>] [21<c:/Users/Brian.Langseth/Desktop/ca/rebuilder/write_up_2023rebuild/figures/rebuilding_ssb_forREPORT.png>] [22


]
warning  (pdf backend): ignoring duplicate destination with the name 'table.1'
[23

]
warning  (pdf backend): ignoring duplicate destination with the name 'table.2'

Overfull \hbox (1.33351pt too wide) in paragraph at lines 854--854
[]|\TU/lmr/m/n/10 SPR= 
 []


Overfull \hbox (1.33351pt too wide) in paragraph at lines 854--854
[]|\TU/lmr/m/n/10 SPR= 
 []


Overfull \hbox (1.33351pt too wide) in paragraph at lines 854--854
[]|\TU/lmr/m/n/10 SPR= 
 []


Overfull \hbox (1.33351pt too wide) in paragraph at lines 854--854
[]|\TU/lmr/m/n/10 SPR= 
 []


Overfull \hbox (1.33351pt too wide) in paragraph at lines 854--854
[]|\TU/lmr/m/n/10 SPR= 
 []


Overfull \hbox (1.33351pt too wide) in paragraph at lines 854--854
[]|\TU/lmr/m/n/10 SPR= 
 []


Overfull \hbox (1.33351pt too wide) in paragraph at lines 854--854
[]|\TU/lmr/m/n/10 SPR= 
 []


Overfull \hbox (5.14807pt too wide) in alignment at lines 851--856
 [][][][][][][][][][][][] 
 []


Overfull \hbox (1.33351pt too wide) in paragraph at lines 859--859
[]|\TU/lmr/m/n/10 SPR= 
 []


Overfull \hbox (1.33351pt too wide) in paragraph at lines 859--859
[]|\TU/lmr/m/n/10 SPR= 
 []


Overfull \hbox (1.33351pt too wide) in paragraph at lines 859--859
[]|\TU/lmr/m/n/10 SPR= 
 []


Overfull \hbox (1.33351pt too wide) in paragraph at lines 859--859
[]|\TU/lmr/m/n/10 SPR= 
 []


Overfull \hbox (1.33351pt too wide) in paragraph at lines 859--859
[]|\TU/lmr/m/n/10 SPR= 
 []


Overfull \hbox (1.33351pt too wide) in paragraph at lines 859--859
[]|\TU/lmr/m/n/10 SPR= 
 []


Overfull \hbox (1.33351pt too wide) in paragraph at lines 859--859
[]|\TU/lmr/m/n/10 SPR= 
 []


Overfull \hbox (5.14807pt too wide) in alignment at lines 856--861
 [][][][][][][][][][][][] 
 []


Overfull \hbox (5.14807pt too wide) in alignment at lines 861--863
 [][][][][][][][][][][][] 
 []


Overfull \hbox (5.14807pt too wide) in alignment at lines 863--865
 [][][][][][][][][][][][] 
 []


Overfull \hbox (5.14807pt too wide) in alignment at lines 865--876
 [][][][][][][][][][][][] 
 []

[24

]
warning  (pdf backend): ignoring duplicate destination with the name 'table.3'

Overfull \hbox (1.33351pt too wide) in paragraph at lines 889--889
[]|\TU/lmr/m/n/10 SPR= 
 []


Overfull \hbox (1.33351pt too wide) in paragraph at lines 889--889
[]|\TU/lmr/m/n/10 SPR= 
 []


Overfull \hbox (1.33351pt too wide) in paragraph at lines 889--889
[]|\TU/lmr/m/n/10 SPR= 
 []


Overfull \hbox (1.33351pt too wide) in paragraph at lines 889--889
[]|\TU/lmr/m/n/10 SPR= 
 []


Overfull \hbox (1.33351pt too wide) in paragraph at lines 889--889
[]|\TU/lmr/m/n/10 SPR= 
 []


Overfull \hbox (1.33351pt too wide) in paragraph at lines 889--889
[]|\TU/lmr/m/n/10 SPR= 
 []


Overfull \hbox (1.33351pt too wide) in paragraph at lines 889--889
[]|\TU/lmr/m/n/10 SPR= 
 []


Overfull \hbox (1.33351pt too wide) in paragraph at lines 894--894
[]|\TU/lmr/m/n/10 SPR= 
 []


Overfull \hbox (1.33351pt too wide) in paragraph at lines 894--894
[]|\TU/lmr/m/n/10 SPR= 
 []


Overfull \hbox (1.33351pt too wide) in paragraph at lines 894--894
[]|\TU/lmr/m/n/10 SPR= 
 []


Overfull \hbox (1.33351pt too wide) in paragraph at lines 894--894
[]|\TU/lmr/m/n/10 SPR= 
 []


Overfull \hbox (1.33351pt too wide) in paragraph at lines 894--894
[]|\TU/lmr/m/n/10 SPR= 
 []


Overfull \hbox (1.33351pt too wide) in paragraph at lines 894--894
[]|\TU/lmr/m/n/10 SPR= 
 []


Overfull \hbox (1.33351pt too wide) in paragraph at lines 894--894
[]|\TU/lmr/m/n/10 SPR= 
 []

[25


] [26]
warning  (pdf backend): ignoring duplicate destination with the name 'table.4'

Overfull \hbox (1.33351pt too wide) in paragraph at lines 963--963
[]|\TU/lmr/m/n/10 SPR= 
 []


Overfull \hbox (1.33351pt too wide) in paragraph at lines 963--963
[]|\TU/lmr/m/n/10 SPR= 
 []


Overfull \hbox (1.33351pt too wide) in paragraph at lines 963--963
[]|\TU/lmr/m/n/10 SPR= 
 []


Overfull \hbox (1.33351pt too wide) in paragraph at lines 963--963
[]|\TU/lmr/m/n/10 SPR= 
 []


Overfull \hbox (1.33351pt too wide) in paragraph at lines 963--963
[]|\TU/lmr/m/n/10 SPR= 
 []


Overfull \hbox (1.33351pt too wide) in paragraph at lines 963--963
[]|\TU/lmr/m/n/10 SPR= 
 []


Overfull \hbox (1.33351pt too wide) in paragraph at lines 963--963
[]|\TU/lmr/m/n/10 SPR= 
 []


Overfull \hbox (1.33351pt too wide) in paragraph at lines 968--968
[]|\TU/lmr/m/n/10 SPR= 
 []


Overfull \hbox (1.33351pt too wide) in paragraph at lines 968--968
[]|\TU/lmr/m/n/10 SPR= 
 []


Overfull \hbox (1.33351pt too wide) in paragraph at lines 968--968
[]|\TU/lmr/m/n/10 SPR= 
 []


Overfull \hbox (1.33351pt too wide) in paragraph at lines 968--968
[]|\TU/lmr/m/n/10 SPR= 
 []


Overfull \hbox (1.33351pt too wide) in paragraph at lines 968--968
[]|\TU/lmr/m/n/10 SPR= 
 []


Overfull \hbox (1.33351pt too wide) in paragraph at lines 968--968
[]|\TU/lmr/m/n/10 SPR= 
 []


Overfull \hbox (1.33351pt too wide) in paragraph at lines 968--968
[]|\TU/lmr/m/n/10 SPR= 
 []

[27

] [28]
warning  (pdf backend): ignoring duplicate destination with the name 'table.5'

Overfull \hbox (1.33351pt too wide) in paragraph at lines 1037--1037
[]|\TU/lmr/m/n/10 SPR= 
 []


Overfull \hbox (1.33351pt too wide) in paragraph at lines 1037--1037
[]|\TU/lmr/m/n/10 SPR= 
 []


Overfull \hbox (1.33351pt too wide) in paragraph at lines 1037--1037
[]|\TU/lmr/m/n/10 SPR= 
 []


Overfull \hbox (1.33351pt too wide) in paragraph at lines 1037--1037
[]|\TU/lmr/m/n/10 SPR= 
 []


Overfull \hbox (1.33351pt too wide) in paragraph at lines 1037--1037
[]|\TU/lmr/m/n/10 SPR= 
 []


Overfull \hbox (1.33351pt too wide) in paragraph at lines 1037--1037
[]|\TU/lmr/m/n/10 SPR= 
 []


Overfull \hbox (1.33351pt too wide) in paragraph at lines 1037--1037
[]|\TU/lmr/m/n/10 SPR= 
 []


Overfull \hbox (1.33351pt too wide) in paragraph at lines 1042--1042
[]|\TU/lmr/m/n/10 SPR= 
 []


Overfull \hbox (1.33351pt too wide) in paragraph at lines 1042--1042
[]|\TU/lmr/m/n/10 SPR= 
 []


Overfull \hbox (1.33351pt too wide) in paragraph at lines 1042--1042
[]|\TU/lmr/m/n/10 SPR= 
 []


Overfull \hbox (1.33351pt too wide) in paragraph at lines 1042--1042
[]|\TU/lmr/m/n/10 SPR= 
 []


Overfull \hbox (1.33351pt too wide) in paragraph at lines 1042--1042
[]|\TU/lmr/m/n/10 SPR= 
 []


Overfull \hbox (1.33351pt too wide) in paragraph at lines 1042--1042
[]|\TU/lmr/m/n/10 SPR= 
 []


Overfull \hbox (1.33351pt too wide) in paragraph at lines 1042--1042
[]|\TU/lmr/m/n/10 SPR= 
 []

[29

] [30]
warning  (pdf backend): ignoring duplicate destination with the name 'table.6'

Overfull \hbox (1.33351pt too wide) in paragraph at lines 1111--1111
[]|\TU/lmr/m/n/10 SPR= 
 []


Overfull \hbox (1.33351pt too wide) in paragraph at lines 1111--1111
[]|\TU/lmr/m/n/10 SPR= 
 []


Overfull \hbox (1.33351pt too wide) in paragraph at lines 1111--1111
[]|\TU/lmr/m/n/10 SPR= 
 []


Overfull \hbox (1.33351pt too wide) in paragraph at lines 1111--1111
[]|\TU/lmr/m/n/10 SPR= 
 []


Overfull \hbox (1.33351pt too wide) in paragraph at lines 1111--1111
[]|\TU/lmr/m/n/10 SPR= 
 []


Overfull \hbox (1.33351pt too wide) in paragraph at lines 1111--1111
[]|\TU/lmr/m/n/10 SPR= 
 []


Overfull \hbox (1.33351pt too wide) in paragraph at lines 1111--1111
[]|\TU/lmr/m/n/10 SPR= 
 []


Overfull \hbox (1.33351pt too wide) in paragraph at lines 1116--1116
[]|\TU/lmr/m/n/10 SPR= 
 []


Overfull \hbox (1.33351pt too wide) in paragraph at lines 1116--1116
[]|\TU/lmr/m/n/10 SPR= 
 []


Overfull \hbox (1.33351pt too wide) in paragraph at lines 1116--1116
[]|\TU/lmr/m/n/10 SPR= 
 []


Overfull \hbox (1.33351pt too wide) in paragraph at lines 1116--1116
[]|\TU/lmr/m/n/10 SPR= 
 []


Overfull \hbox (1.33351pt too wide) in paragraph at lines 1116--1116
[]|\TU/lmr/m/n/10 SPR= 
 []


Overfull \hbox (1.33351pt too wide) in paragraph at lines 1116--1116
[]|\TU/lmr/m/n/10 SPR= 
 []


Overfull \hbox (1.33351pt too wide) in paragraph at lines 1116--1116
[]|\TU/lmr/m/n/10 SPR= 
 []

[31

] [32]
<C:/Users/Brian.Langseth/Desktop/ca/rebuilder/write_up_2023rebuild/figures/rebuilding_probability_forREPORT_ALT.png, id=398, 722.7pt x 505.89pt>
File: C:/Users/Brian.Langseth/Desktop/ca/rebuilder/write_up_2023rebuild/figures/rebuilding_probability_forREPORT_ALT.png Graphic file (type png)
<use C:/Users/Brian.Langseth/Desktop/ca/rebuilder/write_up_2023rebuild/figures/rebuilding_probability_forREPORT_ALT.png>
Package luatex.def Info: C:/Users/Brian.Langseth/Desktop/ca/rebuilder/write_up_2023rebuild/figures/rebuilding_probability_forREPORT_ALT.png  used on input line 1186.
(luatex.def)             Requested size: 469.76045pt x 328.8323pt.
<C:/Users/Brian.Langseth/Desktop/ca/rebuilder/write_up_2023rebuild/figures/rebuilding_acl_forREPORT_ALT.png, id=399, 722.7pt x 505.89pt>
File: C:/Users/Brian.Langseth/Desktop/ca/rebuilder/write_up_2023rebuild/figures/rebuilding_acl_forREPORT_ALT.png Graphic file (type png)
<use C:/Users/Brian.Langseth/Desktop/ca/rebuilder/write_up_2023rebuild/figures/rebuilding_acl_forREPORT_ALT.png>
Package luatex.def Info: C:/Users/Brian.Langseth/Desktop/ca/rebuilder/write_up_2023rebuild/figures/rebuilding_acl_forREPORT_ALT.png  used on input line 1192.
(luatex.def)             Requested size: 469.76045pt x 328.8323pt.
<C:/Users/Brian.Langseth/Desktop/ca/rebuilder/write_up_2023rebuild/figures/rebuilding_relative_sb_forREPORT_ALT.png, id=400, 722.7pt x 505.89pt>
File: C:/Users/Brian.Langseth/Desktop/ca/rebuilder/write_up_2023rebuild/figures/rebuilding_relative_sb_forREPORT_ALT.png Graphic file (type png)
<use C:/Users/Brian.Langseth/Desktop/ca/rebuilder/write_up_2023rebuild/figures/rebuilding_relative_sb_forREPORT_ALT.png>
Package luatex.def Info: C:/Users/Brian.Langseth/Desktop/ca/rebuilder/write_up_2023rebuild/figures/rebuilding_relative_sb_forREPORT_ALT.png  used on input line 1198.
(luatex.def)             Requested size: 469.76045pt x 328.8323pt.
<C:/Users/Brian.Langseth/Desktop/ca/rebuilder/write_up_2023rebuild/figures/rebuilding_ssb_forREPORT_ALT.png, id=401, 722.7pt x 505.89pt>
File: C:/Users/Brian.Langseth/Desktop/ca/rebuilder/write_up_2023rebuild/figures/rebuilding_ssb_forREPORT_ALT.png Graphic file (type png)
<use C:/Users/Brian.Langseth/Desktop/ca/rebuilder/write_up_2023rebuild/figures/rebuilding_ssb_forREPORT_ALT.png>
Package luatex.def Info: C:/Users/Brian.Langseth/Desktop/ca/rebuilder/write_up_2023rebuild/figures/rebuilding_ssb_forREPORT_ALT.png  used on input line 1204.
(luatex.def)             Requested size: 469.76045pt x 328.8323pt.
[33


<c:/Users/Brian.Langseth/Desktop/ca/rebuilder/write_up_2023rebuild/figures/rebuilding_probability_forREPORT_ALT.png>] [34<c:/Users/Brian.Langseth/Desktop/ca/rebuilder/write_up_2023rebuild/figures/rebuilding_acl_forREPORT_ALT.png>] [35<c:/Users/Brian.Langseth/Desktop/ca/rebuilder/write_up_2023rebuild/figures/rebuilding_relative_sb_forREPORT_ALT.png>] [36<c:/Users/Brian.Langseth/Desktop/ca/rebuilder/write_up_2023rebuild/figures/rebuilding_ssb_forREPORT_ALT.png>] 
enddocument/afterlastpage: lastpage setting LastPage.
(./_main.aux)
 ***********
LaTeX2e <2023-06-01> patch level 1
L3 programming layer <2023-08-29>
 ***********

LaTeX Warning: There were multiply-defined labels.

Package rerunfilecheck Info: File `_main.out' has not changed.
(rerunfilecheck)             Checksum: 3ACDEC046FBF0FA5EFA9D2F1AAFFAD6E;4775.
)

Here is how much of LuaTeX's memory you used:
 47210 strings out of 477259
 244172,1977958 words of node,token memory allocated
 701 words of node memory still in use:
   7 hlist, 2 vlist, 2 rule, 2 glue, 4 kern, 2 glyph, 13 attribute, 80 glue_spec, 13 attribute_list, 5 write, 1 close, 3 pdf_action nodes
   avail lists: 1:1,2:6267,3:2338,4:70,5:535,6:1149,7:14437,8:244,9:7351,10:20,11:761
 67377 multiletter control sequences out of 65536+600000
 68 fonts using 19789839 bytes
 117i,11n,128p,2284b,640s stack positions out of 10000i,1000n,20000p,200000b,200000s
<c:/Users/Brian.Langseth/AppData/Roaming/TinyTeX/texmf-dist/fonts/opentype/public/lm-math/latinmodern-math.otf><c:/Users/Brian.Langseth/AppData/Roaming/TinyTeX/texmf-dist/fonts/opentype/public/lm-math/latinmodern-math.otf><c:/Users/Brian.Langseth/AppData/Roaming/TinyTeX/texmf-dist/fonts/opentype/public/lm/lmroman10-italic.otf><c:/Users/Brian.Langseth/AppData/Roaming/TinyTeX/texmf-dist/fonts/opentype/public/lm/lmroman10-bold.otf><c:/Users/Brian.Langseth/AppData/Roaming/TinyTeX/texmf-dist/fonts/opentype/public/lm/lmroman12-bold.otf><c:/Users/Brian.Langseth/AppData/Roaming/TinyTeX/texmf-dist/fonts/opentype/public/lm/lmroman10-bolditalic.otf><c:/Users/Brian.Langseth/AppData/Roaming/TinyTeX/texmf-dist/fonts/opentype/public/lm/lmroman7-regular.otf><c:/Users/Brian.Langseth/AppData/Roaming/TinyTeX/texmf-dist/fonts/opentype/public/lm/lmroman10-regular.otf><c:/Users/Brian.Langseth/AppData/Roaming/TinyTeX/texmf-dist/fonts/opentype/public/lm/lmroman12-italic.otf><c:/Users/Brian.Langseth/AppData/Roaming/TinyTeX/texmf-dist/fonts/opentype/public/lm/lmroman12-regular.otf>
Output written on _main.pdf (40 pages, 3272858 bytes).

PDF statistics: 495 PDF objects out of 1000 (max. 8388607)
 410 compressed objects within 5 object streams
 134 named destinations out of 1000 (max. 131072)
 224 words of extra memory for PDF output out of 10000 (max. 100000000)

